Determining if the pthread_create exist failed with the following output:
Change Dir: /home/nitish/intuitive_ros/build/franka_description/CMakeFiles/CMakeTmp

Run Build Command:"/usr/bin/make" "cmTC_06d1e/fast"
/usr/bin/make -f CMakeFiles/cmTC_06d1e.dir/build.make CMakeFiles/cmTC_06d1e.dir/build
make[1]: Entering directory '/home/nitish/intuitive_ros/build/franka_description/CMakeFiles/CMakeTmp'
Building C object CMakeFiles/cmTC_06d1e.dir/CheckSymbolExists.c.o
/usr/bin/cc    -o CMakeFiles/cmTC_06d1e.dir/CheckSymbolExists.c.o   -c /home/nitish/intuitive_ros/build/franka_description/CMakeFiles/CMakeTmp/CheckSymbolExists.c
Linking C executable cmTC_06d1e
/usr/bin/cmake -E cmake_link_script CMakeFiles/cmTC_06d1e.dir/link.txt --verbose=1
/usr/bin/cc      -rdynamic CMakeFiles/cmTC_06d1e.dir/CheckSymbolExists.c.o  -o cmTC_06d1e 
CMakeFiles/cmTC_06d1e.dir/CheckSymbolExists.c.o: In function `main':
CheckSymbolExists.c:(.text+0x1b): undefined reference to `pthread_create'
collect2: error: ld returned 1 exit status
CMakeFiles/cmTC_06d1e.dir/build.make:97: recipe for target 'cmTC_06d1e' failed
make[1]: *** [cmTC_06d1e] Error 1
make[1]: Leaving directory '/home/nitish/intuitive_ros/build/franka_description/CMakeFiles/CMakeTmp'
Makefile:126: recipe for target 'cmTC_06d1e/fast' failed
make: *** [cmTC_06d1e/fast] Error 2

File /home/nitish/intuitive_ros/build/franka_description/CMakeFiles/CMakeTmp/CheckSymbolExists.c:
/* */
#include <pthread.h>

int main(int argc, char** argv)
{
  (void)argv;
#ifndef pthread_create
  return ((int*)(&pthread_create))[argc];
#else
  (void)argc;
  return 0;
#endif
}

Determining if the function pthread_create exists in the pthreads failed with the following output:
Change Dir: /home/nitish/intuitive_ros/build/franka_description/CMakeFiles/CMakeTmp

Run Build Command:"/usr/bin/make" "cmTC_e56ac/fast"
/usr/bin/make -f CMakeFiles/cmTC_e56ac.dir/build.make CMakeFiles/cmTC_e56ac.dir/build
make[1]: Entering directory '/home/nitish/intuitive_ros/build/franka_description/CMakeFiles/CMakeTmp'
Building C object CMakeFiles/cmTC_e56ac.dir/CheckFunctionExists.c.o
/usr/bin/cc   -DCHECK_FUNCTION_EXISTS=pthread_create   -o CMakeFiles/cmTC_e56ac.dir/CheckFunctionExists.c.o   -c /usr/share/cmake-3.10/Modules/CheckFunctionExists.c
Linking C executable cmTC_e56ac
/usr/bin/cmake -E cmake_link_script CMakeFiles/cmTC_e56ac.dir/link.txt --verbose=1
/usr/bin/cc  -DCHECK_FUNCTION_EXISTS=pthread_create    -rdynamic CMakeFiles/cmTC_e56ac.dir/CheckFunctionExists.c.o  -o cmTC_e56ac -lpthreads 
/usr/bin/ld: cannot find -lpthreads
collect2: error: ld returned 1 exit status
CMakeFiles/cmTC_e56ac.dir/build.make:97: recipe for target 'cmTC_e56ac' failed
make[1]: *** [cmTC_e56ac] Error 1
make[1]: Leaving directory '/home/nitish/intuitive_ros/build/franka_description/CMakeFiles/CMakeTmp'
Makefile:126: recipe for target 'cmTC_e56ac/fast' failed
make: *** [cmTC_e56ac/fast] Error 2


