Symlinking /home/nitish/intuitive_ros/devel/share/gennodejs/ros/rosbridge_library/_index.js
Symlinking /home/nitish/intuitive_ros/devel/share/gennodejs/ros/rosbridge_library/srv/_index.js
Symlinking /home/nitish/intuitive_ros/devel/share/gennodejs/ros/rosbridge_library/srv/TestResponseOnly.js
Symlinking /home/nitish/intuitive_ros/devel/share/gennodejs/ros/rosbridge_library/srv/TestMultipleResponseFields.js
Symlinking /home/nitish/intuitive_ros/devel/share/gennodejs/ros/rosbridge_library/srv/TestRequestOnly.js
Symlinking /home/nitish/intuitive_ros/devel/share/gennodejs/ros/rosbridge_library/srv/SendBytes.js
Symlinking /home/nitish/intuitive_ros/devel/share/gennodejs/ros/rosbridge_library/srv/TestNestedService.js
Symlinking /home/nitish/intuitive_ros/devel/share/gennodejs/ros/rosbridge_library/srv/TestArrayRequest.js
Symlinking /home/nitish/intuitive_ros/devel/share/gennodejs/ros/rosbridge_library/srv/TestRequestAndResponse.js
Symlinking /home/nitish/intuitive_ros/devel/share/gennodejs/ros/rosbridge_library/srv/AddTwoInts.js
Symlinking /home/nitish/intuitive_ros/devel/share/gennodejs/ros/rosbridge_library/srv/TestMultipleRequestFields.js
Symlinking /home/nitish/intuitive_ros/devel/share/gennodejs/ros/rosbridge_library/srv/TestEmpty.js
Symlinking /home/nitish/intuitive_ros/devel/share/gennodejs/ros/rosbridge_library/msg/_index.js
Symlinking /home/nitish/intuitive_ros/devel/share/gennodejs/ros/rosbridge_library/msg/TestHeaderTwo.js
Symlinking /home/nitish/intuitive_ros/devel/share/gennodejs/ros/rosbridge_library/msg/Num.js
Symlinking /home/nitish/intuitive_ros/devel/share/gennodejs/ros/rosbridge_library/msg/TestChar.js
Symlinking /home/nitish/intuitive_ros/devel/share/gennodejs/ros/rosbridge_library/msg/TestTimeArray.js
Symlinking /home/nitish/intuitive_ros/devel/share/gennodejs/ros/rosbridge_library/msg/TestUInt8.js
Symlinking /home/nitish/intuitive_ros/devel/share/gennodejs/ros/rosbridge_library/msg/TestUInt8FixedSizeArray16.js
Symlinking /home/nitish/intuitive_ros/devel/share/gennodejs/ros/rosbridge_library/msg/TestDurationArray.js
Symlinking /home/nitish/intuitive_ros/devel/share/gennodejs/ros/rosbridge_library/msg/TestHeader.js
Symlinking /home/nitish/intuitive_ros/devel/share/gennodejs/ros/rosbridge_library/msg/TestHeaderArray.js
Symlinking /home/nitish/intuitive_ros/devel/share/rosbridge_library/cmake/rosbridge_library-msg-extras.cmake
Symlinking /home/nitish/intuitive_ros/devel/share/rosbridge_library/cmake/rosbridge_libraryConfig.cmake
Symlinking /home/nitish/intuitive_ros/devel/share/rosbridge_library/cmake/rosbridge_library-msg-paths.cmake
Symlinking /home/nitish/intuitive_ros/devel/share/rosbridge_library/cmake/rosbridge_libraryConfig-version.cmake
Symlinking /home/nitish/intuitive_ros/devel/share/common-lisp/ros/rosbridge_library/srv/TestMultipleResponseFields.lisp
Symlinking /home/nitish/intuitive_ros/devel/share/common-lisp/ros/rosbridge_library/srv/TestRequestAndResponse.lisp
Symlinking /home/nitish/intuitive_ros/devel/share/common-lisp/ros/rosbridge_library/srv/_package_TestEmpty.lisp
Symlinking /home/nitish/intuitive_ros/devel/share/common-lisp/ros/rosbridge_library/srv/_package_TestRequestOnly.lisp
Symlinking /home/nitish/intuitive_ros/devel/share/common-lisp/ros/rosbridge_library/srv/TestRequestOnly.lisp
Symlinking /home/nitish/intuitive_ros/devel/share/common-lisp/ros/rosbridge_library/srv/SendBytes.lisp
Symlinking /home/nitish/intuitive_ros/devel/share/common-lisp/ros/rosbridge_library/srv/_package_TestRequestAndResponse.lisp
Symlinking /home/nitish/intuitive_ros/devel/share/common-lisp/ros/rosbridge_library/srv/_package_AddTwoInts.lisp
Symlinking /home/nitish/intuitive_ros/devel/share/common-lisp/ros/rosbridge_library/srv/TestEmpty.lisp
Symlinking /home/nitish/intuitive_ros/devel/share/common-lisp/ros/rosbridge_library/srv/rosbridge_library-srv.asd
Symlinking /home/nitish/intuitive_ros/devel/share/common-lisp/ros/rosbridge_library/srv/_package_SendBytes.lisp
Symlinking /home/nitish/intuitive_ros/devel/share/common-lisp/ros/rosbridge_library/srv/_package_TestMultipleRequestFields.lisp
Symlinking /home/nitish/intuitive_ros/devel/share/common-lisp/ros/rosbridge_library/srv/AddTwoInts.lisp
Symlinking /home/nitish/intuitive_ros/devel/share/common-lisp/ros/rosbridge_library/srv/TestMultipleRequestFields.lisp
Symlinking /home/nitish/intuitive_ros/devel/share/common-lisp/ros/rosbridge_library/srv/_package_TestArrayRequest.lisp
Symlinking /home/nitish/intuitive_ros/devel/share/common-lisp/ros/rosbridge_library/srv/TestNestedService.lisp
Symlinking /home/nitish/intuitive_ros/devel/share/common-lisp/ros/rosbridge_library/srv/TestResponseOnly.lisp
Symlinking /home/nitish/intuitive_ros/devel/share/common-lisp/ros/rosbridge_library/srv/_package_TestMultipleResponseFields.lisp
Symlinking /home/nitish/intuitive_ros/devel/share/common-lisp/ros/rosbridge_library/srv/_package.lisp
Symlinking /home/nitish/intuitive_ros/devel/share/common-lisp/ros/rosbridge_library/srv/_package_TestNestedService.lisp
Symlinking /home/nitish/intuitive_ros/devel/share/common-lisp/ros/rosbridge_library/srv/_package_TestResponseOnly.lisp
Symlinking /home/nitish/intuitive_ros/devel/share/common-lisp/ros/rosbridge_library/srv/TestArrayRequest.lisp
Symlinking /home/nitish/intuitive_ros/devel/share/common-lisp/ros/rosbridge_library/msg/TestTimeArray.lisp
Symlinking /home/nitish/intuitive_ros/devel/share/common-lisp/ros/rosbridge_library/msg/_package_Num.lisp
Symlinking /home/nitish/intuitive_ros/devel/share/common-lisp/ros/rosbridge_library/msg/_package_TestDurationArray.lisp
Symlinking /home/nitish/intuitive_ros/devel/share/common-lisp/ros/rosbridge_library/msg/Num.lisp
Symlinking /home/nitish/intuitive_ros/devel/share/common-lisp/ros/rosbridge_library/msg/_package_TestHeader.lisp
Symlinking /home/nitish/intuitive_ros/devel/share/common-lisp/ros/rosbridge_library/msg/TestChar.lisp
Symlinking /home/nitish/intuitive_ros/devel/share/common-lisp/ros/rosbridge_library/msg/TestHeader.lisp
Symlinking /home/nitish/intuitive_ros/devel/share/common-lisp/ros/rosbridge_library/msg/TestUInt8.lisp
Symlinking /home/nitish/intuitive_ros/devel/share/common-lisp/ros/rosbridge_library/msg/TestDurationArray.lisp
Symlinking /home/nitish/intuitive_ros/devel/share/common-lisp/ros/rosbridge_library/msg/_package_TestHeaderArray.lisp
Symlinking /home/nitish/intuitive_ros/devel/share/common-lisp/ros/rosbridge_library/msg/_package_TestTimeArray.lisp
Symlinking /home/nitish/intuitive_ros/devel/share/common-lisp/ros/rosbridge_library/msg/_package_TestHeaderTwo.lisp
Symlinking /home/nitish/intuitive_ros/devel/share/common-lisp/ros/rosbridge_library/msg/_package.lisp
Symlinking /home/nitish/intuitive_ros/devel/share/common-lisp/ros/rosbridge_library/msg/TestUInt8FixedSizeArray16.lisp
Symlinking /home/nitish/intuitive_ros/devel/share/common-lisp/ros/rosbridge_library/msg/rosbridge_library-msg.asd
Symlinking /home/nitish/intuitive_ros/devel/share/common-lisp/ros/rosbridge_library/msg/_package_TestUInt8.lisp
Symlinking /home/nitish/intuitive_ros/devel/share/common-lisp/ros/rosbridge_library/msg/_package_TestUInt8FixedSizeArray16.lisp
Symlinking /home/nitish/intuitive_ros/devel/share/common-lisp/ros/rosbridge_library/msg/TestHeaderTwo.lisp
Symlinking /home/nitish/intuitive_ros/devel/share/common-lisp/ros/rosbridge_library/msg/_package_TestChar.lisp
Symlinking /home/nitish/intuitive_ros/devel/share/common-lisp/ros/rosbridge_library/msg/TestHeaderArray.lisp
Symlinking /home/nitish/intuitive_ros/devel/share/roseus/ros/rosbridge_library/manifest.l
Symlinking /home/nitish/intuitive_ros/devel/share/roseus/ros/rosbridge_library/srv/AddTwoInts.l
Symlinking /home/nitish/intuitive_ros/devel/share/roseus/ros/rosbridge_library/srv/TestMultipleRequestFields.l
Symlinking /home/nitish/intuitive_ros/devel/share/roseus/ros/rosbridge_library/srv/TestResponseOnly.l
Symlinking /home/nitish/intuitive_ros/devel/share/roseus/ros/rosbridge_library/srv/TestEmpty.l
Symlinking /home/nitish/intuitive_ros/devel/share/roseus/ros/rosbridge_library/srv/TestMultipleResponseFields.l
Symlinking /home/nitish/intuitive_ros/devel/share/roseus/ros/rosbridge_library/srv/SendBytes.l
Symlinking /home/nitish/intuitive_ros/devel/share/roseus/ros/rosbridge_library/srv/TestRequestOnly.l
Symlinking /home/nitish/intuitive_ros/devel/share/roseus/ros/rosbridge_library/srv/TestArrayRequest.l
Symlinking /home/nitish/intuitive_ros/devel/share/roseus/ros/rosbridge_library/srv/TestRequestAndResponse.l
Symlinking /home/nitish/intuitive_ros/devel/share/roseus/ros/rosbridge_library/srv/TestNestedService.l
Symlinking /home/nitish/intuitive_ros/devel/share/roseus/ros/rosbridge_library/msg/TestDurationArray.l
Symlinking /home/nitish/intuitive_ros/devel/share/roseus/ros/rosbridge_library/msg/TestUInt8FixedSizeArray16.l
Symlinking /home/nitish/intuitive_ros/devel/share/roseus/ros/rosbridge_library/msg/Num.l
Symlinking /home/nitish/intuitive_ros/devel/share/roseus/ros/rosbridge_library/msg/TestUInt8.l
Symlinking /home/nitish/intuitive_ros/devel/share/roseus/ros/rosbridge_library/msg/TestHeaderTwo.l
Symlinking /home/nitish/intuitive_ros/devel/share/roseus/ros/rosbridge_library/msg/TestTimeArray.l
Symlinking /home/nitish/intuitive_ros/devel/share/roseus/ros/rosbridge_library/msg/TestChar.l
Symlinking /home/nitish/intuitive_ros/devel/share/roseus/ros/rosbridge_library/msg/TestHeader.l
Symlinking /home/nitish/intuitive_ros/devel/share/roseus/ros/rosbridge_library/msg/TestHeaderArray.l
Symlinking /home/nitish/intuitive_ros/devel/lib/pkgconfig/rosbridge_library.pc
Symlinking /home/nitish/intuitive_ros/devel/lib/python2.7/dist-packages/rosbridge_library/__init__.py
Symlinking /home/nitish/intuitive_ros/devel/lib/python2.7/dist-packages/rosbridge_library/srv/_TestArrayRequest.py
Symlinking /home/nitish/intuitive_ros/devel/lib/python2.7/dist-packages/rosbridge_library/srv/_SendBytes.py
Symlinking /home/nitish/intuitive_ros/devel/lib/python2.7/dist-packages/rosbridge_library/srv/__init__.py
Symlinking /home/nitish/intuitive_ros/devel/lib/python2.7/dist-packages/rosbridge_library/srv/_TestResponseOnly.py
Symlinking /home/nitish/intuitive_ros/devel/lib/python2.7/dist-packages/rosbridge_library/srv/_TestEmpty.py
Symlinking /home/nitish/intuitive_ros/devel/lib/python2.7/dist-packages/rosbridge_library/srv/_TestNestedService.py
Symlinking /home/nitish/intuitive_ros/devel/lib/python2.7/dist-packages/rosbridge_library/srv/_TestMultipleResponseFields.py
Symlinking /home/nitish/intuitive_ros/devel/lib/python2.7/dist-packages/rosbridge_library/srv/_TestRequestAndResponse.py
Symlinking /home/nitish/intuitive_ros/devel/lib/python2.7/dist-packages/rosbridge_library/srv/_TestRequestOnly.py
Symlinking /home/nitish/intuitive_ros/devel/lib/python2.7/dist-packages/rosbridge_library/srv/_AddTwoInts.py
Symlinking /home/nitish/intuitive_ros/devel/lib/python2.7/dist-packages/rosbridge_library/srv/_TestMultipleRequestFields.py
Symlinking /home/nitish/intuitive_ros/devel/lib/python2.7/dist-packages/rosbridge_library/msg/_TestHeaderArray.py
Symlinking /home/nitish/intuitive_ros/devel/lib/python2.7/dist-packages/rosbridge_library/msg/_TestChar.py
Symlinking /home/nitish/intuitive_ros/devel/lib/python2.7/dist-packages/rosbridge_library/msg/__init__.py
Symlinking /home/nitish/intuitive_ros/devel/lib/python2.7/dist-packages/rosbridge_library/msg/_TestDurationArray.py
Symlinking /home/nitish/intuitive_ros/devel/lib/python2.7/dist-packages/rosbridge_library/msg/_TestUInt8.py
Symlinking /home/nitish/intuitive_ros/devel/lib/python2.7/dist-packages/rosbridge_library/msg/_TestHeaderTwo.py
Symlinking /home/nitish/intuitive_ros/devel/lib/python2.7/dist-packages/rosbridge_library/msg/_Num.py
Symlinking /home/nitish/intuitive_ros/devel/lib/python2.7/dist-packages/rosbridge_library/msg/_TestTimeArray.py
Symlinking /home/nitish/intuitive_ros/devel/lib/python2.7/dist-packages/rosbridge_library/msg/_TestHeader.py
Symlinking /home/nitish/intuitive_ros/devel/lib/python2.7/dist-packages/rosbridge_library/msg/_TestUInt8FixedSizeArray16.py
Symlinking /home/nitish/intuitive_ros/devel/include/rosbridge_library/TestTimeArray.h
Symlinking /home/nitish/intuitive_ros/devel/include/rosbridge_library/TestHeader.h
Symlinking /home/nitish/intuitive_ros/devel/include/rosbridge_library/TestResponseOnlyResponse.h
Symlinking /home/nitish/intuitive_ros/devel/include/rosbridge_library/Num.h
Symlinking /home/nitish/intuitive_ros/devel/include/rosbridge_library/TestRequestOnlyResponse.h
Symlinking /home/nitish/intuitive_ros/devel/include/rosbridge_library/TestMultipleRequestFieldsResponse.h
Symlinking /home/nitish/intuitive_ros/devel/include/rosbridge_library/TestRequestOnlyRequest.h
Symlinking /home/nitish/intuitive_ros/devel/include/rosbridge_library/TestRequestOnly.h
Symlinking /home/nitish/intuitive_ros/devel/include/rosbridge_library/TestNestedService.h
Symlinking /home/nitish/intuitive_ros/devel/include/rosbridge_library/SendBytes.h
Symlinking /home/nitish/intuitive_ros/devel/include/rosbridge_library/TestMultipleRequestFieldsRequest.h
Symlinking /home/nitish/intuitive_ros/devel/include/rosbridge_library/TestArrayRequestResponse.h
Symlinking /home/nitish/intuitive_ros/devel/include/rosbridge_library/TestUInt8FixedSizeArray16.h
Symlinking /home/nitish/intuitive_ros/devel/include/rosbridge_library/TestMultipleResponseFieldsRequest.h
Symlinking /home/nitish/intuitive_ros/devel/include/rosbridge_library/TestArrayRequestRequest.h
Symlinking /home/nitish/intuitive_ros/devel/include/rosbridge_library/TestNestedServiceRequest.h
Symlinking /home/nitish/intuitive_ros/devel/include/rosbridge_library/TestMultipleResponseFields.h
Symlinking /home/nitish/intuitive_ros/devel/include/rosbridge_library/TestNestedServiceResponse.h
Symlinking /home/nitish/intuitive_ros/devel/include/rosbridge_library/SendBytesRequest.h
Symlinking /home/nitish/intuitive_ros/devel/include/rosbridge_library/TestRequestAndResponseRequest.h
Symlinking /home/nitish/intuitive_ros/devel/include/rosbridge_library/TestHeaderArray.h
Symlinking /home/nitish/intuitive_ros/devel/include/rosbridge_library/TestMultipleRequestFields.h
Symlinking /home/nitish/intuitive_ros/devel/include/rosbridge_library/AddTwoIntsRequest.h
Symlinking /home/nitish/intuitive_ros/devel/include/rosbridge_library/TestEmptyRequest.h
Symlinking /home/nitish/intuitive_ros/devel/include/rosbridge_library/TestMultipleResponseFieldsResponse.h
Symlinking /home/nitish/intuitive_ros/devel/include/rosbridge_library/TestUInt8.h
Symlinking /home/nitish/intuitive_ros/devel/include/rosbridge_library/TestDurationArray.h
Symlinking /home/nitish/intuitive_ros/devel/include/rosbridge_library/TestResponseOnlyRequest.h
Symlinking /home/nitish/intuitive_ros/devel/include/rosbridge_library/TestRequestAndResponse.h
Symlinking /home/nitish/intuitive_ros/devel/include/rosbridge_library/TestEmpty.h
Symlinking /home/nitish/intuitive_ros/devel/include/rosbridge_library/AddTwoInts.h
Symlinking /home/nitish/intuitive_ros/devel/include/rosbridge_library/SendBytesResponse.h
Symlinking /home/nitish/intuitive_ros/devel/include/rosbridge_library/TestHeaderTwo.h
Symlinking /home/nitish/intuitive_ros/devel/include/rosbridge_library/TestEmptyResponse.h
Symlinking /home/nitish/intuitive_ros/devel/include/rosbridge_library/AddTwoIntsResponse.h
Symlinking /home/nitish/intuitive_ros/devel/include/rosbridge_library/TestRequestAndResponseResponse.h
Symlinking /home/nitish/intuitive_ros/devel/include/rosbridge_library/TestArrayRequest.h
Symlinking /home/nitish/intuitive_ros/devel/include/rosbridge_library/TestChar.h
Symlinking /home/nitish/intuitive_ros/devel/include/rosbridge_library/TestResponseOnly.h
