Linked: (/home/nitish/intuitive_ros/devel/.private/rosbridge_library/share/gennodejs/ros/rosbridge_library/_index.js, /home/nitish/intuitive_ros/devel/share/gennodejs/ros/rosbridge_library/_index.js)
Linked: (/home/nitish/intuitive_ros/devel/.private/rosbridge_library/share/gennodejs/ros/rosbridge_library/srv/_index.js, /home/nitish/intuitive_ros/devel/share/gennodejs/ros/rosbridge_library/srv/_index.js)
Linked: (/home/nitish/intuitive_ros/devel/.private/rosbridge_library/share/gennodejs/ros/rosbridge_library/srv/TestResponseOnly.js, /home/nitish/intuitive_ros/devel/share/gennodejs/ros/rosbridge_library/srv/TestResponseOnly.js)
Linked: (/home/nitish/intuitive_ros/devel/.private/rosbridge_library/share/gennodejs/ros/rosbridge_library/srv/TestMultipleResponseFields.js, /home/nitish/intuitive_ros/devel/share/gennodejs/ros/rosbridge_library/srv/TestMultipleResponseFields.js)
Linked: (/home/nitish/intuitive_ros/devel/.private/rosbridge_library/share/gennodejs/ros/rosbridge_library/srv/TestRequestOnly.js, /home/nitish/intuitive_ros/devel/share/gennodejs/ros/rosbridge_library/srv/TestRequestOnly.js)
Linked: (/home/nitish/intuitive_ros/devel/.private/rosbridge_library/share/gennodejs/ros/rosbridge_library/srv/SendBytes.js, /home/nitish/intuitive_ros/devel/share/gennodejs/ros/rosbridge_library/srv/SendBytes.js)
Linked: (/home/nitish/intuitive_ros/devel/.private/rosbridge_library/share/gennodejs/ros/rosbridge_library/srv/TestNestedService.js, /home/nitish/intuitive_ros/devel/share/gennodejs/ros/rosbridge_library/srv/TestNestedService.js)
Linked: (/home/nitish/intuitive_ros/devel/.private/rosbridge_library/share/gennodejs/ros/rosbridge_library/srv/TestArrayRequest.js, /home/nitish/intuitive_ros/devel/share/gennodejs/ros/rosbridge_library/srv/TestArrayRequest.js)
Linked: (/home/nitish/intuitive_ros/devel/.private/rosbridge_library/share/gennodejs/ros/rosbridge_library/srv/TestRequestAndResponse.js, /home/nitish/intuitive_ros/devel/share/gennodejs/ros/rosbridge_library/srv/TestRequestAndResponse.js)
Linked: (/home/nitish/intuitive_ros/devel/.private/rosbridge_library/share/gennodejs/ros/rosbridge_library/srv/AddTwoInts.js, /home/nitish/intuitive_ros/devel/share/gennodejs/ros/rosbridge_library/srv/AddTwoInts.js)
Linked: (/home/nitish/intuitive_ros/devel/.private/rosbridge_library/share/gennodejs/ros/rosbridge_library/srv/TestMultipleRequestFields.js, /home/nitish/intuitive_ros/devel/share/gennodejs/ros/rosbridge_library/srv/TestMultipleRequestFields.js)
Linked: (/home/nitish/intuitive_ros/devel/.private/rosbridge_library/share/gennodejs/ros/rosbridge_library/srv/TestEmpty.js, /home/nitish/intuitive_ros/devel/share/gennodejs/ros/rosbridge_library/srv/TestEmpty.js)
Linked: (/home/nitish/intuitive_ros/devel/.private/rosbridge_library/share/gennodejs/ros/rosbridge_library/msg/_index.js, /home/nitish/intuitive_ros/devel/share/gennodejs/ros/rosbridge_library/msg/_index.js)
Linked: (/home/nitish/intuitive_ros/devel/.private/rosbridge_library/share/gennodejs/ros/rosbridge_library/msg/TestHeaderTwo.js, /home/nitish/intuitive_ros/devel/share/gennodejs/ros/rosbridge_library/msg/TestHeaderTwo.js)
Linked: (/home/nitish/intuitive_ros/devel/.private/rosbridge_library/share/gennodejs/ros/rosbridge_library/msg/Num.js, /home/nitish/intuitive_ros/devel/share/gennodejs/ros/rosbridge_library/msg/Num.js)
Linked: (/home/nitish/intuitive_ros/devel/.private/rosbridge_library/share/gennodejs/ros/rosbridge_library/msg/TestChar.js, /home/nitish/intuitive_ros/devel/share/gennodejs/ros/rosbridge_library/msg/TestChar.js)
Linked: (/home/nitish/intuitive_ros/devel/.private/rosbridge_library/share/gennodejs/ros/rosbridge_library/msg/TestTimeArray.js, /home/nitish/intuitive_ros/devel/share/gennodejs/ros/rosbridge_library/msg/TestTimeArray.js)
Linked: (/home/nitish/intuitive_ros/devel/.private/rosbridge_library/share/gennodejs/ros/rosbridge_library/msg/TestUInt8.js, /home/nitish/intuitive_ros/devel/share/gennodejs/ros/rosbridge_library/msg/TestUInt8.js)
Linked: (/home/nitish/intuitive_ros/devel/.private/rosbridge_library/share/gennodejs/ros/rosbridge_library/msg/TestUInt8FixedSizeArray16.js, /home/nitish/intuitive_ros/devel/share/gennodejs/ros/rosbridge_library/msg/TestUInt8FixedSizeArray16.js)
Linked: (/home/nitish/intuitive_ros/devel/.private/rosbridge_library/share/gennodejs/ros/rosbridge_library/msg/TestDurationArray.js, /home/nitish/intuitive_ros/devel/share/gennodejs/ros/rosbridge_library/msg/TestDurationArray.js)
Linked: (/home/nitish/intuitive_ros/devel/.private/rosbridge_library/share/gennodejs/ros/rosbridge_library/msg/TestHeader.js, /home/nitish/intuitive_ros/devel/share/gennodejs/ros/rosbridge_library/msg/TestHeader.js)
Linked: (/home/nitish/intuitive_ros/devel/.private/rosbridge_library/share/gennodejs/ros/rosbridge_library/msg/TestHeaderArray.js, /home/nitish/intuitive_ros/devel/share/gennodejs/ros/rosbridge_library/msg/TestHeaderArray.js)
Linked: (/home/nitish/intuitive_ros/devel/.private/rosbridge_library/share/rosbridge_library/cmake/rosbridge_library-msg-extras.cmake, /home/nitish/intuitive_ros/devel/share/rosbridge_library/cmake/rosbridge_library-msg-extras.cmake)
Linked: (/home/nitish/intuitive_ros/devel/.private/rosbridge_library/share/rosbridge_library/cmake/rosbridge_libraryConfig.cmake, /home/nitish/intuitive_ros/devel/share/rosbridge_library/cmake/rosbridge_libraryConfig.cmake)
Linked: (/home/nitish/intuitive_ros/devel/.private/rosbridge_library/share/rosbridge_library/cmake/rosbridge_library-msg-paths.cmake, /home/nitish/intuitive_ros/devel/share/rosbridge_library/cmake/rosbridge_library-msg-paths.cmake)
Linked: (/home/nitish/intuitive_ros/devel/.private/rosbridge_library/share/rosbridge_library/cmake/rosbridge_libraryConfig-version.cmake, /home/nitish/intuitive_ros/devel/share/rosbridge_library/cmake/rosbridge_libraryConfig-version.cmake)
Linked: (/home/nitish/intuitive_ros/devel/.private/rosbridge_library/share/common-lisp/ros/rosbridge_library/srv/TestMultipleResponseFields.lisp, /home/nitish/intuitive_ros/devel/share/common-lisp/ros/rosbridge_library/srv/TestMultipleResponseFields.lisp)
Linked: (/home/nitish/intuitive_ros/devel/.private/rosbridge_library/share/common-lisp/ros/rosbridge_library/srv/TestRequestAndResponse.lisp, /home/nitish/intuitive_ros/devel/share/common-lisp/ros/rosbridge_library/srv/TestRequestAndResponse.lisp)
Linked: (/home/nitish/intuitive_ros/devel/.private/rosbridge_library/share/common-lisp/ros/rosbridge_library/srv/_package_TestEmpty.lisp, /home/nitish/intuitive_ros/devel/share/common-lisp/ros/rosbridge_library/srv/_package_TestEmpty.lisp)
Linked: (/home/nitish/intuitive_ros/devel/.private/rosbridge_library/share/common-lisp/ros/rosbridge_library/srv/_package_TestRequestOnly.lisp, /home/nitish/intuitive_ros/devel/share/common-lisp/ros/rosbridge_library/srv/_package_TestRequestOnly.lisp)
Linked: (/home/nitish/intuitive_ros/devel/.private/rosbridge_library/share/common-lisp/ros/rosbridge_library/srv/TestRequestOnly.lisp, /home/nitish/intuitive_ros/devel/share/common-lisp/ros/rosbridge_library/srv/TestRequestOnly.lisp)
Linked: (/home/nitish/intuitive_ros/devel/.private/rosbridge_library/share/common-lisp/ros/rosbridge_library/srv/SendBytes.lisp, /home/nitish/intuitive_ros/devel/share/common-lisp/ros/rosbridge_library/srv/SendBytes.lisp)
Linked: (/home/nitish/intuitive_ros/devel/.private/rosbridge_library/share/common-lisp/ros/rosbridge_library/srv/_package_TestRequestAndResponse.lisp, /home/nitish/intuitive_ros/devel/share/common-lisp/ros/rosbridge_library/srv/_package_TestRequestAndResponse.lisp)
Linked: (/home/nitish/intuitive_ros/devel/.private/rosbridge_library/share/common-lisp/ros/rosbridge_library/srv/_package_AddTwoInts.lisp, /home/nitish/intuitive_ros/devel/share/common-lisp/ros/rosbridge_library/srv/_package_AddTwoInts.lisp)
Linked: (/home/nitish/intuitive_ros/devel/.private/rosbridge_library/share/common-lisp/ros/rosbridge_library/srv/TestEmpty.lisp, /home/nitish/intuitive_ros/devel/share/common-lisp/ros/rosbridge_library/srv/TestEmpty.lisp)
Linked: (/home/nitish/intuitive_ros/devel/.private/rosbridge_library/share/common-lisp/ros/rosbridge_library/srv/rosbridge_library-srv.asd, /home/nitish/intuitive_ros/devel/share/common-lisp/ros/rosbridge_library/srv/rosbridge_library-srv.asd)
Linked: (/home/nitish/intuitive_ros/devel/.private/rosbridge_library/share/common-lisp/ros/rosbridge_library/srv/_package_SendBytes.lisp, /home/nitish/intuitive_ros/devel/share/common-lisp/ros/rosbridge_library/srv/_package_SendBytes.lisp)
Linked: (/home/nitish/intuitive_ros/devel/.private/rosbridge_library/share/common-lisp/ros/rosbridge_library/srv/_package_TestMultipleRequestFields.lisp, /home/nitish/intuitive_ros/devel/share/common-lisp/ros/rosbridge_library/srv/_package_TestMultipleRequestFields.lisp)
Linked: (/home/nitish/intuitive_ros/devel/.private/rosbridge_library/share/common-lisp/ros/rosbridge_library/srv/AddTwoInts.lisp, /home/nitish/intuitive_ros/devel/share/common-lisp/ros/rosbridge_library/srv/AddTwoInts.lisp)
Linked: (/home/nitish/intuitive_ros/devel/.private/rosbridge_library/share/common-lisp/ros/rosbridge_library/srv/TestMultipleRequestFields.lisp, /home/nitish/intuitive_ros/devel/share/common-lisp/ros/rosbridge_library/srv/TestMultipleRequestFields.lisp)
Linked: (/home/nitish/intuitive_ros/devel/.private/rosbridge_library/share/common-lisp/ros/rosbridge_library/srv/_package_TestArrayRequest.lisp, /home/nitish/intuitive_ros/devel/share/common-lisp/ros/rosbridge_library/srv/_package_TestArrayRequest.lisp)
Linked: (/home/nitish/intuitive_ros/devel/.private/rosbridge_library/share/common-lisp/ros/rosbridge_library/srv/TestNestedService.lisp, /home/nitish/intuitive_ros/devel/share/common-lisp/ros/rosbridge_library/srv/TestNestedService.lisp)
Linked: (/home/nitish/intuitive_ros/devel/.private/rosbridge_library/share/common-lisp/ros/rosbridge_library/srv/TestResponseOnly.lisp, /home/nitish/intuitive_ros/devel/share/common-lisp/ros/rosbridge_library/srv/TestResponseOnly.lisp)
Linked: (/home/nitish/intuitive_ros/devel/.private/rosbridge_library/share/common-lisp/ros/rosbridge_library/srv/_package_TestMultipleResponseFields.lisp, /home/nitish/intuitive_ros/devel/share/common-lisp/ros/rosbridge_library/srv/_package_TestMultipleResponseFields.lisp)
Linked: (/home/nitish/intuitive_ros/devel/.private/rosbridge_library/share/common-lisp/ros/rosbridge_library/srv/_package.lisp, /home/nitish/intuitive_ros/devel/share/common-lisp/ros/rosbridge_library/srv/_package.lisp)
Linked: (/home/nitish/intuitive_ros/devel/.private/rosbridge_library/share/common-lisp/ros/rosbridge_library/srv/_package_TestNestedService.lisp, /home/nitish/intuitive_ros/devel/share/common-lisp/ros/rosbridge_library/srv/_package_TestNestedService.lisp)
Linked: (/home/nitish/intuitive_ros/devel/.private/rosbridge_library/share/common-lisp/ros/rosbridge_library/srv/_package_TestResponseOnly.lisp, /home/nitish/intuitive_ros/devel/share/common-lisp/ros/rosbridge_library/srv/_package_TestResponseOnly.lisp)
Linked: (/home/nitish/intuitive_ros/devel/.private/rosbridge_library/share/common-lisp/ros/rosbridge_library/srv/TestArrayRequest.lisp, /home/nitish/intuitive_ros/devel/share/common-lisp/ros/rosbridge_library/srv/TestArrayRequest.lisp)
Linked: (/home/nitish/intuitive_ros/devel/.private/rosbridge_library/share/common-lisp/ros/rosbridge_library/msg/TestTimeArray.lisp, /home/nitish/intuitive_ros/devel/share/common-lisp/ros/rosbridge_library/msg/TestTimeArray.lisp)
Linked: (/home/nitish/intuitive_ros/devel/.private/rosbridge_library/share/common-lisp/ros/rosbridge_library/msg/_package_Num.lisp, /home/nitish/intuitive_ros/devel/share/common-lisp/ros/rosbridge_library/msg/_package_Num.lisp)
Linked: (/home/nitish/intuitive_ros/devel/.private/rosbridge_library/share/common-lisp/ros/rosbridge_library/msg/_package_TestDurationArray.lisp, /home/nitish/intuitive_ros/devel/share/common-lisp/ros/rosbridge_library/msg/_package_TestDurationArray.lisp)
Linked: (/home/nitish/intuitive_ros/devel/.private/rosbridge_library/share/common-lisp/ros/rosbridge_library/msg/Num.lisp, /home/nitish/intuitive_ros/devel/share/common-lisp/ros/rosbridge_library/msg/Num.lisp)
Linked: (/home/nitish/intuitive_ros/devel/.private/rosbridge_library/share/common-lisp/ros/rosbridge_library/msg/_package_TestHeader.lisp, /home/nitish/intuitive_ros/devel/share/common-lisp/ros/rosbridge_library/msg/_package_TestHeader.lisp)
Linked: (/home/nitish/intuitive_ros/devel/.private/rosbridge_library/share/common-lisp/ros/rosbridge_library/msg/TestChar.lisp, /home/nitish/intuitive_ros/devel/share/common-lisp/ros/rosbridge_library/msg/TestChar.lisp)
Linked: (/home/nitish/intuitive_ros/devel/.private/rosbridge_library/share/common-lisp/ros/rosbridge_library/msg/TestHeader.lisp, /home/nitish/intuitive_ros/devel/share/common-lisp/ros/rosbridge_library/msg/TestHeader.lisp)
Linked: (/home/nitish/intuitive_ros/devel/.private/rosbridge_library/share/common-lisp/ros/rosbridge_library/msg/TestUInt8.lisp, /home/nitish/intuitive_ros/devel/share/common-lisp/ros/rosbridge_library/msg/TestUInt8.lisp)
Linked: (/home/nitish/intuitive_ros/devel/.private/rosbridge_library/share/common-lisp/ros/rosbridge_library/msg/TestDurationArray.lisp, /home/nitish/intuitive_ros/devel/share/common-lisp/ros/rosbridge_library/msg/TestDurationArray.lisp)
Linked: (/home/nitish/intuitive_ros/devel/.private/rosbridge_library/share/common-lisp/ros/rosbridge_library/msg/_package_TestHeaderArray.lisp, /home/nitish/intuitive_ros/devel/share/common-lisp/ros/rosbridge_library/msg/_package_TestHeaderArray.lisp)
Linked: (/home/nitish/intuitive_ros/devel/.private/rosbridge_library/share/common-lisp/ros/rosbridge_library/msg/_package_TestTimeArray.lisp, /home/nitish/intuitive_ros/devel/share/common-lisp/ros/rosbridge_library/msg/_package_TestTimeArray.lisp)
Linked: (/home/nitish/intuitive_ros/devel/.private/rosbridge_library/share/common-lisp/ros/rosbridge_library/msg/_package_TestHeaderTwo.lisp, /home/nitish/intuitive_ros/devel/share/common-lisp/ros/rosbridge_library/msg/_package_TestHeaderTwo.lisp)
Linked: (/home/nitish/intuitive_ros/devel/.private/rosbridge_library/share/common-lisp/ros/rosbridge_library/msg/_package.lisp, /home/nitish/intuitive_ros/devel/share/common-lisp/ros/rosbridge_library/msg/_package.lisp)
Linked: (/home/nitish/intuitive_ros/devel/.private/rosbridge_library/share/common-lisp/ros/rosbridge_library/msg/TestUInt8FixedSizeArray16.lisp, /home/nitish/intuitive_ros/devel/share/common-lisp/ros/rosbridge_library/msg/TestUInt8FixedSizeArray16.lisp)
Linked: (/home/nitish/intuitive_ros/devel/.private/rosbridge_library/share/common-lisp/ros/rosbridge_library/msg/rosbridge_library-msg.asd, /home/nitish/intuitive_ros/devel/share/common-lisp/ros/rosbridge_library/msg/rosbridge_library-msg.asd)
Linked: (/home/nitish/intuitive_ros/devel/.private/rosbridge_library/share/common-lisp/ros/rosbridge_library/msg/_package_TestUInt8.lisp, /home/nitish/intuitive_ros/devel/share/common-lisp/ros/rosbridge_library/msg/_package_TestUInt8.lisp)
Linked: (/home/nitish/intuitive_ros/devel/.private/rosbridge_library/share/common-lisp/ros/rosbridge_library/msg/_package_TestUInt8FixedSizeArray16.lisp, /home/nitish/intuitive_ros/devel/share/common-lisp/ros/rosbridge_library/msg/_package_TestUInt8FixedSizeArray16.lisp)
Linked: (/home/nitish/intuitive_ros/devel/.private/rosbridge_library/share/common-lisp/ros/rosbridge_library/msg/TestHeaderTwo.lisp, /home/nitish/intuitive_ros/devel/share/common-lisp/ros/rosbridge_library/msg/TestHeaderTwo.lisp)
Linked: (/home/nitish/intuitive_ros/devel/.private/rosbridge_library/share/common-lisp/ros/rosbridge_library/msg/_package_TestChar.lisp, /home/nitish/intuitive_ros/devel/share/common-lisp/ros/rosbridge_library/msg/_package_TestChar.lisp)
Linked: (/home/nitish/intuitive_ros/devel/.private/rosbridge_library/share/common-lisp/ros/rosbridge_library/msg/TestHeaderArray.lisp, /home/nitish/intuitive_ros/devel/share/common-lisp/ros/rosbridge_library/msg/TestHeaderArray.lisp)
Linked: (/home/nitish/intuitive_ros/devel/.private/rosbridge_library/share/roseus/ros/rosbridge_library/manifest.l, /home/nitish/intuitive_ros/devel/share/roseus/ros/rosbridge_library/manifest.l)
Linked: (/home/nitish/intuitive_ros/devel/.private/rosbridge_library/share/roseus/ros/rosbridge_library/srv/AddTwoInts.l, /home/nitish/intuitive_ros/devel/share/roseus/ros/rosbridge_library/srv/AddTwoInts.l)
Linked: (/home/nitish/intuitive_ros/devel/.private/rosbridge_library/share/roseus/ros/rosbridge_library/srv/TestMultipleRequestFields.l, /home/nitish/intuitive_ros/devel/share/roseus/ros/rosbridge_library/srv/TestMultipleRequestFields.l)
Linked: (/home/nitish/intuitive_ros/devel/.private/rosbridge_library/share/roseus/ros/rosbridge_library/srv/TestResponseOnly.l, /home/nitish/intuitive_ros/devel/share/roseus/ros/rosbridge_library/srv/TestResponseOnly.l)
Linked: (/home/nitish/intuitive_ros/devel/.private/rosbridge_library/share/roseus/ros/rosbridge_library/srv/TestEmpty.l, /home/nitish/intuitive_ros/devel/share/roseus/ros/rosbridge_library/srv/TestEmpty.l)
Linked: (/home/nitish/intuitive_ros/devel/.private/rosbridge_library/share/roseus/ros/rosbridge_library/srv/TestMultipleResponseFields.l, /home/nitish/intuitive_ros/devel/share/roseus/ros/rosbridge_library/srv/TestMultipleResponseFields.l)
Linked: (/home/nitish/intuitive_ros/devel/.private/rosbridge_library/share/roseus/ros/rosbridge_library/srv/SendBytes.l, /home/nitish/intuitive_ros/devel/share/roseus/ros/rosbridge_library/srv/SendBytes.l)
Linked: (/home/nitish/intuitive_ros/devel/.private/rosbridge_library/share/roseus/ros/rosbridge_library/srv/TestRequestOnly.l, /home/nitish/intuitive_ros/devel/share/roseus/ros/rosbridge_library/srv/TestRequestOnly.l)
Linked: (/home/nitish/intuitive_ros/devel/.private/rosbridge_library/share/roseus/ros/rosbridge_library/srv/TestArrayRequest.l, /home/nitish/intuitive_ros/devel/share/roseus/ros/rosbridge_library/srv/TestArrayRequest.l)
Linked: (/home/nitish/intuitive_ros/devel/.private/rosbridge_library/share/roseus/ros/rosbridge_library/srv/TestRequestAndResponse.l, /home/nitish/intuitive_ros/devel/share/roseus/ros/rosbridge_library/srv/TestRequestAndResponse.l)
Linked: (/home/nitish/intuitive_ros/devel/.private/rosbridge_library/share/roseus/ros/rosbridge_library/srv/TestNestedService.l, /home/nitish/intuitive_ros/devel/share/roseus/ros/rosbridge_library/srv/TestNestedService.l)
Linked: (/home/nitish/intuitive_ros/devel/.private/rosbridge_library/share/roseus/ros/rosbridge_library/msg/TestDurationArray.l, /home/nitish/intuitive_ros/devel/share/roseus/ros/rosbridge_library/msg/TestDurationArray.l)
Linked: (/home/nitish/intuitive_ros/devel/.private/rosbridge_library/share/roseus/ros/rosbridge_library/msg/TestUInt8FixedSizeArray16.l, /home/nitish/intuitive_ros/devel/share/roseus/ros/rosbridge_library/msg/TestUInt8FixedSizeArray16.l)
Linked: (/home/nitish/intuitive_ros/devel/.private/rosbridge_library/share/roseus/ros/rosbridge_library/msg/Num.l, /home/nitish/intuitive_ros/devel/share/roseus/ros/rosbridge_library/msg/Num.l)
Linked: (/home/nitish/intuitive_ros/devel/.private/rosbridge_library/share/roseus/ros/rosbridge_library/msg/TestUInt8.l, /home/nitish/intuitive_ros/devel/share/roseus/ros/rosbridge_library/msg/TestUInt8.l)
Linked: (/home/nitish/intuitive_ros/devel/.private/rosbridge_library/share/roseus/ros/rosbridge_library/msg/TestHeaderTwo.l, /home/nitish/intuitive_ros/devel/share/roseus/ros/rosbridge_library/msg/TestHeaderTwo.l)
Linked: (/home/nitish/intuitive_ros/devel/.private/rosbridge_library/share/roseus/ros/rosbridge_library/msg/TestTimeArray.l, /home/nitish/intuitive_ros/devel/share/roseus/ros/rosbridge_library/msg/TestTimeArray.l)
Linked: (/home/nitish/intuitive_ros/devel/.private/rosbridge_library/share/roseus/ros/rosbridge_library/msg/TestChar.l, /home/nitish/intuitive_ros/devel/share/roseus/ros/rosbridge_library/msg/TestChar.l)
Linked: (/home/nitish/intuitive_ros/devel/.private/rosbridge_library/share/roseus/ros/rosbridge_library/msg/TestHeader.l, /home/nitish/intuitive_ros/devel/share/roseus/ros/rosbridge_library/msg/TestHeader.l)
Linked: (/home/nitish/intuitive_ros/devel/.private/rosbridge_library/share/roseus/ros/rosbridge_library/msg/TestHeaderArray.l, /home/nitish/intuitive_ros/devel/share/roseus/ros/rosbridge_library/msg/TestHeaderArray.l)
Linked: (/home/nitish/intuitive_ros/devel/.private/rosbridge_library/lib/pkgconfig/rosbridge_library.pc, /home/nitish/intuitive_ros/devel/lib/pkgconfig/rosbridge_library.pc)
Linked: (/home/nitish/intuitive_ros/devel/.private/rosbridge_library/lib/python2.7/dist-packages/rosbridge_library/__init__.py, /home/nitish/intuitive_ros/devel/lib/python2.7/dist-packages/rosbridge_library/__init__.py)
Linked: (/home/nitish/intuitive_ros/devel/.private/rosbridge_library/lib/python2.7/dist-packages/rosbridge_library/srv/_TestArrayRequest.py, /home/nitish/intuitive_ros/devel/lib/python2.7/dist-packages/rosbridge_library/srv/_TestArrayRequest.py)
Linked: (/home/nitish/intuitive_ros/devel/.private/rosbridge_library/lib/python2.7/dist-packages/rosbridge_library/srv/_SendBytes.py, /home/nitish/intuitive_ros/devel/lib/python2.7/dist-packages/rosbridge_library/srv/_SendBytes.py)
Linked: (/home/nitish/intuitive_ros/devel/.private/rosbridge_library/lib/python2.7/dist-packages/rosbridge_library/srv/__init__.py, /home/nitish/intuitive_ros/devel/lib/python2.7/dist-packages/rosbridge_library/srv/__init__.py)
Linked: (/home/nitish/intuitive_ros/devel/.private/rosbridge_library/lib/python2.7/dist-packages/rosbridge_library/srv/_TestResponseOnly.py, /home/nitish/intuitive_ros/devel/lib/python2.7/dist-packages/rosbridge_library/srv/_TestResponseOnly.py)
Linked: (/home/nitish/intuitive_ros/devel/.private/rosbridge_library/lib/python2.7/dist-packages/rosbridge_library/srv/_TestEmpty.py, /home/nitish/intuitive_ros/devel/lib/python2.7/dist-packages/rosbridge_library/srv/_TestEmpty.py)
Linked: (/home/nitish/intuitive_ros/devel/.private/rosbridge_library/lib/python2.7/dist-packages/rosbridge_library/srv/_TestNestedService.py, /home/nitish/intuitive_ros/devel/lib/python2.7/dist-packages/rosbridge_library/srv/_TestNestedService.py)
Linked: (/home/nitish/intuitive_ros/devel/.private/rosbridge_library/lib/python2.7/dist-packages/rosbridge_library/srv/_TestMultipleResponseFields.py, /home/nitish/intuitive_ros/devel/lib/python2.7/dist-packages/rosbridge_library/srv/_TestMultipleResponseFields.py)
Linked: (/home/nitish/intuitive_ros/devel/.private/rosbridge_library/lib/python2.7/dist-packages/rosbridge_library/srv/_TestRequestAndResponse.py, /home/nitish/intuitive_ros/devel/lib/python2.7/dist-packages/rosbridge_library/srv/_TestRequestAndResponse.py)
Linked: (/home/nitish/intuitive_ros/devel/.private/rosbridge_library/lib/python2.7/dist-packages/rosbridge_library/srv/_TestRequestOnly.py, /home/nitish/intuitive_ros/devel/lib/python2.7/dist-packages/rosbridge_library/srv/_TestRequestOnly.py)
Linked: (/home/nitish/intuitive_ros/devel/.private/rosbridge_library/lib/python2.7/dist-packages/rosbridge_library/srv/_AddTwoInts.py, /home/nitish/intuitive_ros/devel/lib/python2.7/dist-packages/rosbridge_library/srv/_AddTwoInts.py)
Linked: (/home/nitish/intuitive_ros/devel/.private/rosbridge_library/lib/python2.7/dist-packages/rosbridge_library/srv/_TestMultipleRequestFields.py, /home/nitish/intuitive_ros/devel/lib/python2.7/dist-packages/rosbridge_library/srv/_TestMultipleRequestFields.py)
Linked: (/home/nitish/intuitive_ros/devel/.private/rosbridge_library/lib/python2.7/dist-packages/rosbridge_library/msg/_TestHeaderArray.py, /home/nitish/intuitive_ros/devel/lib/python2.7/dist-packages/rosbridge_library/msg/_TestHeaderArray.py)
Linked: (/home/nitish/intuitive_ros/devel/.private/rosbridge_library/lib/python2.7/dist-packages/rosbridge_library/msg/_TestChar.py, /home/nitish/intuitive_ros/devel/lib/python2.7/dist-packages/rosbridge_library/msg/_TestChar.py)
Linked: (/home/nitish/intuitive_ros/devel/.private/rosbridge_library/lib/python2.7/dist-packages/rosbridge_library/msg/__init__.py, /home/nitish/intuitive_ros/devel/lib/python2.7/dist-packages/rosbridge_library/msg/__init__.py)
Linked: (/home/nitish/intuitive_ros/devel/.private/rosbridge_library/lib/python2.7/dist-packages/rosbridge_library/msg/_TestDurationArray.py, /home/nitish/intuitive_ros/devel/lib/python2.7/dist-packages/rosbridge_library/msg/_TestDurationArray.py)
Linked: (/home/nitish/intuitive_ros/devel/.private/rosbridge_library/lib/python2.7/dist-packages/rosbridge_library/msg/_TestUInt8.py, /home/nitish/intuitive_ros/devel/lib/python2.7/dist-packages/rosbridge_library/msg/_TestUInt8.py)
Linked: (/home/nitish/intuitive_ros/devel/.private/rosbridge_library/lib/python2.7/dist-packages/rosbridge_library/msg/_TestHeaderTwo.py, /home/nitish/intuitive_ros/devel/lib/python2.7/dist-packages/rosbridge_library/msg/_TestHeaderTwo.py)
Linked: (/home/nitish/intuitive_ros/devel/.private/rosbridge_library/lib/python2.7/dist-packages/rosbridge_library/msg/_Num.py, /home/nitish/intuitive_ros/devel/lib/python2.7/dist-packages/rosbridge_library/msg/_Num.py)
Linked: (/home/nitish/intuitive_ros/devel/.private/rosbridge_library/lib/python2.7/dist-packages/rosbridge_library/msg/_TestTimeArray.py, /home/nitish/intuitive_ros/devel/lib/python2.7/dist-packages/rosbridge_library/msg/_TestTimeArray.py)
Linked: (/home/nitish/intuitive_ros/devel/.private/rosbridge_library/lib/python2.7/dist-packages/rosbridge_library/msg/_TestHeader.py, /home/nitish/intuitive_ros/devel/lib/python2.7/dist-packages/rosbridge_library/msg/_TestHeader.py)
Linked: (/home/nitish/intuitive_ros/devel/.private/rosbridge_library/lib/python2.7/dist-packages/rosbridge_library/msg/_TestUInt8FixedSizeArray16.py, /home/nitish/intuitive_ros/devel/lib/python2.7/dist-packages/rosbridge_library/msg/_TestUInt8FixedSizeArray16.py)
Linked: (/home/nitish/intuitive_ros/devel/.private/rosbridge_library/include/rosbridge_library/TestTimeArray.h, /home/nitish/intuitive_ros/devel/include/rosbridge_library/TestTimeArray.h)
Linked: (/home/nitish/intuitive_ros/devel/.private/rosbridge_library/include/rosbridge_library/TestHeader.h, /home/nitish/intuitive_ros/devel/include/rosbridge_library/TestHeader.h)
Linked: (/home/nitish/intuitive_ros/devel/.private/rosbridge_library/include/rosbridge_library/TestResponseOnlyResponse.h, /home/nitish/intuitive_ros/devel/include/rosbridge_library/TestResponseOnlyResponse.h)
Linked: (/home/nitish/intuitive_ros/devel/.private/rosbridge_library/include/rosbridge_library/Num.h, /home/nitish/intuitive_ros/devel/include/rosbridge_library/Num.h)
Linked: (/home/nitish/intuitive_ros/devel/.private/rosbridge_library/include/rosbridge_library/TestRequestOnlyResponse.h, /home/nitish/intuitive_ros/devel/include/rosbridge_library/TestRequestOnlyResponse.h)
Linked: (/home/nitish/intuitive_ros/devel/.private/rosbridge_library/include/rosbridge_library/TestMultipleRequestFieldsResponse.h, /home/nitish/intuitive_ros/devel/include/rosbridge_library/TestMultipleRequestFieldsResponse.h)
Linked: (/home/nitish/intuitive_ros/devel/.private/rosbridge_library/include/rosbridge_library/TestRequestOnlyRequest.h, /home/nitish/intuitive_ros/devel/include/rosbridge_library/TestRequestOnlyRequest.h)
Linked: (/home/nitish/intuitive_ros/devel/.private/rosbridge_library/include/rosbridge_library/TestRequestOnly.h, /home/nitish/intuitive_ros/devel/include/rosbridge_library/TestRequestOnly.h)
Linked: (/home/nitish/intuitive_ros/devel/.private/rosbridge_library/include/rosbridge_library/TestNestedService.h, /home/nitish/intuitive_ros/devel/include/rosbridge_library/TestNestedService.h)
Linked: (/home/nitish/intuitive_ros/devel/.private/rosbridge_library/include/rosbridge_library/SendBytes.h, /home/nitish/intuitive_ros/devel/include/rosbridge_library/SendBytes.h)
Linked: (/home/nitish/intuitive_ros/devel/.private/rosbridge_library/include/rosbridge_library/TestMultipleRequestFieldsRequest.h, /home/nitish/intuitive_ros/devel/include/rosbridge_library/TestMultipleRequestFieldsRequest.h)
Linked: (/home/nitish/intuitive_ros/devel/.private/rosbridge_library/include/rosbridge_library/TestArrayRequestResponse.h, /home/nitish/intuitive_ros/devel/include/rosbridge_library/TestArrayRequestResponse.h)
Linked: (/home/nitish/intuitive_ros/devel/.private/rosbridge_library/include/rosbridge_library/TestUInt8FixedSizeArray16.h, /home/nitish/intuitive_ros/devel/include/rosbridge_library/TestUInt8FixedSizeArray16.h)
Linked: (/home/nitish/intuitive_ros/devel/.private/rosbridge_library/include/rosbridge_library/TestMultipleResponseFieldsRequest.h, /home/nitish/intuitive_ros/devel/include/rosbridge_library/TestMultipleResponseFieldsRequest.h)
Linked: (/home/nitish/intuitive_ros/devel/.private/rosbridge_library/include/rosbridge_library/TestArrayRequestRequest.h, /home/nitish/intuitive_ros/devel/include/rosbridge_library/TestArrayRequestRequest.h)
Linked: (/home/nitish/intuitive_ros/devel/.private/rosbridge_library/include/rosbridge_library/TestNestedServiceRequest.h, /home/nitish/intuitive_ros/devel/include/rosbridge_library/TestNestedServiceRequest.h)
Linked: (/home/nitish/intuitive_ros/devel/.private/rosbridge_library/include/rosbridge_library/TestMultipleResponseFields.h, /home/nitish/intuitive_ros/devel/include/rosbridge_library/TestMultipleResponseFields.h)
Linked: (/home/nitish/intuitive_ros/devel/.private/rosbridge_library/include/rosbridge_library/TestNestedServiceResponse.h, /home/nitish/intuitive_ros/devel/include/rosbridge_library/TestNestedServiceResponse.h)
Linked: (/home/nitish/intuitive_ros/devel/.private/rosbridge_library/include/rosbridge_library/SendBytesRequest.h, /home/nitish/intuitive_ros/devel/include/rosbridge_library/SendBytesRequest.h)
Linked: (/home/nitish/intuitive_ros/devel/.private/rosbridge_library/include/rosbridge_library/TestRequestAndResponseRequest.h, /home/nitish/intuitive_ros/devel/include/rosbridge_library/TestRequestAndResponseRequest.h)
Linked: (/home/nitish/intuitive_ros/devel/.private/rosbridge_library/include/rosbridge_library/TestHeaderArray.h, /home/nitish/intuitive_ros/devel/include/rosbridge_library/TestHeaderArray.h)
Linked: (/home/nitish/intuitive_ros/devel/.private/rosbridge_library/include/rosbridge_library/TestMultipleRequestFields.h, /home/nitish/intuitive_ros/devel/include/rosbridge_library/TestMultipleRequestFields.h)
Linked: (/home/nitish/intuitive_ros/devel/.private/rosbridge_library/include/rosbridge_library/AddTwoIntsRequest.h, /home/nitish/intuitive_ros/devel/include/rosbridge_library/AddTwoIntsRequest.h)
Linked: (/home/nitish/intuitive_ros/devel/.private/rosbridge_library/include/rosbridge_library/TestEmptyRequest.h, /home/nitish/intuitive_ros/devel/include/rosbridge_library/TestEmptyRequest.h)
Linked: (/home/nitish/intuitive_ros/devel/.private/rosbridge_library/include/rosbridge_library/TestMultipleResponseFieldsResponse.h, /home/nitish/intuitive_ros/devel/include/rosbridge_library/TestMultipleResponseFieldsResponse.h)
Linked: (/home/nitish/intuitive_ros/devel/.private/rosbridge_library/include/rosbridge_library/TestUInt8.h, /home/nitish/intuitive_ros/devel/include/rosbridge_library/TestUInt8.h)
Linked: (/home/nitish/intuitive_ros/devel/.private/rosbridge_library/include/rosbridge_library/TestDurationArray.h, /home/nitish/intuitive_ros/devel/include/rosbridge_library/TestDurationArray.h)
Linked: (/home/nitish/intuitive_ros/devel/.private/rosbridge_library/include/rosbridge_library/TestResponseOnlyRequest.h, /home/nitish/intuitive_ros/devel/include/rosbridge_library/TestResponseOnlyRequest.h)
Linked: (/home/nitish/intuitive_ros/devel/.private/rosbridge_library/include/rosbridge_library/TestRequestAndResponse.h, /home/nitish/intuitive_ros/devel/include/rosbridge_library/TestRequestAndResponse.h)
Linked: (/home/nitish/intuitive_ros/devel/.private/rosbridge_library/include/rosbridge_library/TestEmpty.h, /home/nitish/intuitive_ros/devel/include/rosbridge_library/TestEmpty.h)
Linked: (/home/nitish/intuitive_ros/devel/.private/rosbridge_library/include/rosbridge_library/AddTwoInts.h, /home/nitish/intuitive_ros/devel/include/rosbridge_library/AddTwoInts.h)
Linked: (/home/nitish/intuitive_ros/devel/.private/rosbridge_library/include/rosbridge_library/SendBytesResponse.h, /home/nitish/intuitive_ros/devel/include/rosbridge_library/SendBytesResponse.h)
Linked: (/home/nitish/intuitive_ros/devel/.private/rosbridge_library/include/rosbridge_library/TestHeaderTwo.h, /home/nitish/intuitive_ros/devel/include/rosbridge_library/TestHeaderTwo.h)
Linked: (/home/nitish/intuitive_ros/devel/.private/rosbridge_library/include/rosbridge_library/TestEmptyResponse.h, /home/nitish/intuitive_ros/devel/include/rosbridge_library/TestEmptyResponse.h)
Linked: (/home/nitish/intuitive_ros/devel/.private/rosbridge_library/include/rosbridge_library/AddTwoIntsResponse.h, /home/nitish/intuitive_ros/devel/include/rosbridge_library/AddTwoIntsResponse.h)
Linked: (/home/nitish/intuitive_ros/devel/.private/rosbridge_library/include/rosbridge_library/TestRequestAndResponseResponse.h, /home/nitish/intuitive_ros/devel/include/rosbridge_library/TestRequestAndResponseResponse.h)
Linked: (/home/nitish/intuitive_ros/devel/.private/rosbridge_library/include/rosbridge_library/TestArrayRequest.h, /home/nitish/intuitive_ros/devel/include/rosbridge_library/TestArrayRequest.h)
Linked: (/home/nitish/intuitive_ros/devel/.private/rosbridge_library/include/rosbridge_library/TestChar.h, /home/nitish/intuitive_ros/devel/include/rosbridge_library/TestChar.h)
Linked: (/home/nitish/intuitive_ros/devel/.private/rosbridge_library/include/rosbridge_library/TestResponseOnly.h, /home/nitish/intuitive_ros/devel/include/rosbridge_library/TestResponseOnly.h)
