[  0%] Built target _rosbridge_msgs_generate_messages_check_deps_ConnectedClients
[  0%] Built target std_msgs_generate_messages_cpp
[  0%] Built target _rosbridge_msgs_generate_messages_check_deps_ConnectedClient
[  0%] Built target std_msgs_generate_messages_py
[  0%] Built target std_msgs_generate_messages_lisp
[  0%] Built target std_msgs_generate_messages_nodejs
[  0%] Built target std_msgs_generate_messages_eus
[  8%] [34m[1mGenerating C++ code from rosbridge_msgs/ConnectedClient.msg[0m
[ 16%] [34m[1mGenerating C++ code from rosbridge_msgs/ConnectedClients.msg[0m
[ 16%] Built target rosbridge_msgs_generate_messages_cpp
[ 25%] [34m[1mGenerating Python from MSG rosbridge_msgs/ConnectedClient[0m
[ 33%] [34m[1mGenerating Python from MSG rosbridge_msgs/ConnectedClients[0m
[ 41%] [34m[1mGenerating Python msg __init__.py for rosbridge_msgs[0m
[ 41%] Built target rosbridge_msgs_generate_messages_py
[ 50%] [34m[1mGenerating Lisp code from rosbridge_msgs/ConnectedClient.msg[0m
[ 58%] [34m[1mGenerating Lisp code from rosbridge_msgs/ConnectedClients.msg[0m
[ 58%] Built target rosbridge_msgs_generate_messages_lisp
[ 66%] [34m[1mGenerating Javascript code from rosbridge_msgs/ConnectedClient.msg[0m
[ 75%] [34m[1mGenerating Javascript code from rosbridge_msgs/ConnectedClients.msg[0m
[ 75%] Built target rosbridge_msgs_generate_messages_nodejs
[ 83%] [34m[1mGenerating EusLisp code from rosbridge_msgs/ConnectedClient.msg[0m
[ 91%] [34m[1mGenerating EusLisp code from rosbridge_msgs/ConnectedClients.msg[0m
[100%] Built target rosbridge_msgs_generate_messages_eus
[100%] Built target rosbridge_msgs_generate_messages
