Determining if the pthread_create exist failed with the following output:
Change Dir: /home/nitish/intuitive_ros/build/franka_hw/CMakeFiles/CMakeTmp

Run Build Command:"/usr/bin/make" "cmTC_ab936/fast"
/usr/bin/make -f CMakeFiles/cmTC_ab936.dir/build.make CMakeFiles/cmTC_ab936.dir/build
make[1]: Entering directory '/home/nitish/intuitive_ros/build/franka_hw/CMakeFiles/CMakeTmp'
Building C object CMakeFiles/cmTC_ab936.dir/CheckSymbolExists.c.o
/usr/bin/cc    -o CMakeFiles/cmTC_ab936.dir/CheckSymbolExists.c.o   -c /home/nitish/intuitive_ros/build/franka_hw/CMakeFiles/CMakeTmp/CheckSymbolExists.c
Linking C executable cmTC_ab936
/usr/bin/cmake -E cmake_link_script CMakeFiles/cmTC_ab936.dir/link.txt --verbose=1
/usr/bin/cc      -rdynamic CMakeFiles/cmTC_ab936.dir/CheckSymbolExists.c.o  -o cmTC_ab936 
CMakeFiles/cmTC_ab936.dir/CheckSymbolExists.c.o: In function `main':
CheckSymbolExists.c:(.text+0x1b): undefined reference to `pthread_create'
collect2: error: ld returned 1 exit status
CMakeFiles/cmTC_ab936.dir/build.make:97: recipe for target 'cmTC_ab936' failed
make[1]: *** [cmTC_ab936] Error 1
make[1]: Leaving directory '/home/nitish/intuitive_ros/build/franka_hw/CMakeFiles/CMakeTmp'
Makefile:126: recipe for target 'cmTC_ab936/fast' failed
make: *** [cmTC_ab936/fast] Error 2

File /home/nitish/intuitive_ros/build/franka_hw/CMakeFiles/CMakeTmp/CheckSymbolExists.c:
/* */
#include <pthread.h>

int main(int argc, char** argv)
{
  (void)argv;
#ifndef pthread_create
  return ((int*)(&pthread_create))[argc];
#else
  (void)argc;
  return 0;
#endif
}

Determining if the function pthread_create exists in the pthreads failed with the following output:
Change Dir: /home/nitish/intuitive_ros/build/franka_hw/CMakeFiles/CMakeTmp

Run Build Command:"/usr/bin/make" "cmTC_59802/fast"
/usr/bin/make -f CMakeFiles/cmTC_59802.dir/build.make CMakeFiles/cmTC_59802.dir/build
make[1]: Entering directory '/home/nitish/intuitive_ros/build/franka_hw/CMakeFiles/CMakeTmp'
Building C object CMakeFiles/cmTC_59802.dir/CheckFunctionExists.c.o
/usr/bin/cc   -DCHECK_FUNCTION_EXISTS=pthread_create   -o CMakeFiles/cmTC_59802.dir/CheckFunctionExists.c.o   -c /usr/share/cmake-3.10/Modules/CheckFunctionExists.c
Linking C executable cmTC_59802
/usr/bin/cmake -E cmake_link_script CMakeFiles/cmTC_59802.dir/link.txt --verbose=1
/usr/bin/cc  -DCHECK_FUNCTION_EXISTS=pthread_create    -rdynamic CMakeFiles/cmTC_59802.dir/CheckFunctionExists.c.o  -o cmTC_59802 -lpthreads 
/usr/bin/ld: cannot find -lpthreads
collect2: error: ld returned 1 exit status
CMakeFiles/cmTC_59802.dir/build.make:97: recipe for target 'cmTC_59802' failed
make[1]: *** [cmTC_59802] Error 1
make[1]: Leaving directory '/home/nitish/intuitive_ros/build/franka_hw/CMakeFiles/CMakeTmp'
Makefile:126: recipe for target 'cmTC_59802/fast' failed
make: *** [cmTC_59802/fast] Error 2


