Linked: (/home/nitish/intuitive_ros/devel/.private/franka_control/share/franka_control/cmake/franka_controlConfig.cmake, /home/nitish/intuitive_ros/devel/share/franka_control/cmake/franka_controlConfig.cmake)
Linked: (/home/nitish/intuitive_ros/devel/.private/franka_control/share/franka_control/cmake/franka_control-msg-paths.cmake, /home/nitish/intuitive_ros/devel/share/franka_control/cmake/franka_control-msg-paths.cmake)
Linked: (/home/nitish/intuitive_ros/devel/.private/franka_control/share/franka_control/cmake/franka_controlConfig-version.cmake, /home/nitish/intuitive_ros/devel/share/franka_control/cmake/franka_controlConfig-version.cmake)
Linked: (/home/nitish/intuitive_ros/devel/.private/franka_control/share/franka_control/cmake/franka_control-msg-extras.cmake, /home/nitish/intuitive_ros/devel/share/franka_control/cmake/franka_control-msg-extras.cmake)
Linked: (/home/nitish/intuitive_ros/devel/.private/franka_control/share/franka_control/msg/ErrorRecoveryResult.msg, /home/nitish/intuitive_ros/devel/share/franka_control/msg/ErrorRecoveryResult.msg)
Linked: (/home/nitish/intuitive_ros/devel/.private/franka_control/share/franka_control/msg/ErrorRecoveryActionFeedback.msg, /home/nitish/intuitive_ros/devel/share/franka_control/msg/ErrorRecoveryActionFeedback.msg)
Linked: (/home/nitish/intuitive_ros/devel/.private/franka_control/share/franka_control/msg/ErrorRecoveryGoal.msg, /home/nitish/intuitive_ros/devel/share/franka_control/msg/ErrorRecoveryGoal.msg)
Linked: (/home/nitish/intuitive_ros/devel/.private/franka_control/share/franka_control/msg/ErrorRecoveryActionGoal.msg, /home/nitish/intuitive_ros/devel/share/franka_control/msg/ErrorRecoveryActionGoal.msg)
Linked: (/home/nitish/intuitive_ros/devel/.private/franka_control/share/franka_control/msg/ErrorRecoveryAction.msg, /home/nitish/intuitive_ros/devel/share/franka_control/msg/ErrorRecoveryAction.msg)
Linked: (/home/nitish/intuitive_ros/devel/.private/franka_control/share/franka_control/msg/ErrorRecoveryActionResult.msg, /home/nitish/intuitive_ros/devel/share/franka_control/msg/ErrorRecoveryActionResult.msg)
Linked: (/home/nitish/intuitive_ros/devel/.private/franka_control/share/franka_control/msg/ErrorRecoveryFeedback.msg, /home/nitish/intuitive_ros/devel/share/franka_control/msg/ErrorRecoveryFeedback.msg)
Linked: (/home/nitish/intuitive_ros/devel/.private/franka_control/share/gennodejs/ros/franka_control/_index.js, /home/nitish/intuitive_ros/devel/share/gennodejs/ros/franka_control/_index.js)
Linked: (/home/nitish/intuitive_ros/devel/.private/franka_control/share/gennodejs/ros/franka_control/srv/SetForceTorqueCollisionBehavior.js, /home/nitish/intuitive_ros/devel/share/gennodejs/ros/franka_control/srv/SetForceTorqueCollisionBehavior.js)
Linked: (/home/nitish/intuitive_ros/devel/.private/franka_control/share/gennodejs/ros/franka_control/srv/SetKFrame.js, /home/nitish/intuitive_ros/devel/share/gennodejs/ros/franka_control/srv/SetKFrame.js)
Linked: (/home/nitish/intuitive_ros/devel/.private/franka_control/share/gennodejs/ros/franka_control/srv/_index.js, /home/nitish/intuitive_ros/devel/share/gennodejs/ros/franka_control/srv/_index.js)
Linked: (/home/nitish/intuitive_ros/devel/.private/franka_control/share/gennodejs/ros/franka_control/srv/SetCartesianImpedance.js, /home/nitish/intuitive_ros/devel/share/gennodejs/ros/franka_control/srv/SetCartesianImpedance.js)
Linked: (/home/nitish/intuitive_ros/devel/.private/franka_control/share/gennodejs/ros/franka_control/srv/SetEEFrame.js, /home/nitish/intuitive_ros/devel/share/gennodejs/ros/franka_control/srv/SetEEFrame.js)
Linked: (/home/nitish/intuitive_ros/devel/.private/franka_control/share/gennodejs/ros/franka_control/srv/SetFullCollisionBehavior.js, /home/nitish/intuitive_ros/devel/share/gennodejs/ros/franka_control/srv/SetFullCollisionBehavior.js)
Linked: (/home/nitish/intuitive_ros/devel/.private/franka_control/share/gennodejs/ros/franka_control/srv/SetLoad.js, /home/nitish/intuitive_ros/devel/share/gennodejs/ros/franka_control/srv/SetLoad.js)
Linked: (/home/nitish/intuitive_ros/devel/.private/franka_control/share/gennodejs/ros/franka_control/srv/SetJointImpedance.js, /home/nitish/intuitive_ros/devel/share/gennodejs/ros/franka_control/srv/SetJointImpedance.js)
Linked: (/home/nitish/intuitive_ros/devel/.private/franka_control/share/gennodejs/ros/franka_control/msg/ErrorRecoveryActionResult.js, /home/nitish/intuitive_ros/devel/share/gennodejs/ros/franka_control/msg/ErrorRecoveryActionResult.js)
Linked: (/home/nitish/intuitive_ros/devel/.private/franka_control/share/gennodejs/ros/franka_control/msg/ErrorRecoveryActionGoal.js, /home/nitish/intuitive_ros/devel/share/gennodejs/ros/franka_control/msg/ErrorRecoveryActionGoal.js)
Linked: (/home/nitish/intuitive_ros/devel/.private/franka_control/share/gennodejs/ros/franka_control/msg/_index.js, /home/nitish/intuitive_ros/devel/share/gennodejs/ros/franka_control/msg/_index.js)
Linked: (/home/nitish/intuitive_ros/devel/.private/franka_control/share/gennodejs/ros/franka_control/msg/ErrorRecoveryResult.js, /home/nitish/intuitive_ros/devel/share/gennodejs/ros/franka_control/msg/ErrorRecoveryResult.js)
Linked: (/home/nitish/intuitive_ros/devel/.private/franka_control/share/gennodejs/ros/franka_control/msg/ErrorRecoveryActionFeedback.js, /home/nitish/intuitive_ros/devel/share/gennodejs/ros/franka_control/msg/ErrorRecoveryActionFeedback.js)
Linked: (/home/nitish/intuitive_ros/devel/.private/franka_control/share/gennodejs/ros/franka_control/msg/ErrorRecoveryAction.js, /home/nitish/intuitive_ros/devel/share/gennodejs/ros/franka_control/msg/ErrorRecoveryAction.js)
Linked: (/home/nitish/intuitive_ros/devel/.private/franka_control/share/gennodejs/ros/franka_control/msg/ErrorRecoveryGoal.js, /home/nitish/intuitive_ros/devel/share/gennodejs/ros/franka_control/msg/ErrorRecoveryGoal.js)
Linked: (/home/nitish/intuitive_ros/devel/.private/franka_control/share/gennodejs/ros/franka_control/msg/ErrorRecoveryFeedback.js, /home/nitish/intuitive_ros/devel/share/gennodejs/ros/franka_control/msg/ErrorRecoveryFeedback.js)
Linked: (/home/nitish/intuitive_ros/devel/.private/franka_control/share/common-lisp/ros/franka_control/srv/_package_SetEEFrame.lisp, /home/nitish/intuitive_ros/devel/share/common-lisp/ros/franka_control/srv/_package_SetEEFrame.lisp)
Linked: (/home/nitish/intuitive_ros/devel/.private/franka_control/share/common-lisp/ros/franka_control/srv/SetJointImpedance.lisp, /home/nitish/intuitive_ros/devel/share/common-lisp/ros/franka_control/srv/SetJointImpedance.lisp)
Linked: (/home/nitish/intuitive_ros/devel/.private/franka_control/share/common-lisp/ros/franka_control/srv/_package_SetJointImpedance.lisp, /home/nitish/intuitive_ros/devel/share/common-lisp/ros/franka_control/srv/_package_SetJointImpedance.lisp)
Linked: (/home/nitish/intuitive_ros/devel/.private/franka_control/share/common-lisp/ros/franka_control/srv/SetKFrame.lisp, /home/nitish/intuitive_ros/devel/share/common-lisp/ros/franka_control/srv/SetKFrame.lisp)
Linked: (/home/nitish/intuitive_ros/devel/.private/franka_control/share/common-lisp/ros/franka_control/srv/SetForceTorqueCollisionBehavior.lisp, /home/nitish/intuitive_ros/devel/share/common-lisp/ros/franka_control/srv/SetForceTorqueCollisionBehavior.lisp)
Linked: (/home/nitish/intuitive_ros/devel/.private/franka_control/share/common-lisp/ros/franka_control/srv/franka_control-srv.asd, /home/nitish/intuitive_ros/devel/share/common-lisp/ros/franka_control/srv/franka_control-srv.asd)
Linked: (/home/nitish/intuitive_ros/devel/.private/franka_control/share/common-lisp/ros/franka_control/srv/_package_SetLoad.lisp, /home/nitish/intuitive_ros/devel/share/common-lisp/ros/franka_control/srv/_package_SetLoad.lisp)
Linked: (/home/nitish/intuitive_ros/devel/.private/franka_control/share/common-lisp/ros/franka_control/srv/_package_SetFullCollisionBehavior.lisp, /home/nitish/intuitive_ros/devel/share/common-lisp/ros/franka_control/srv/_package_SetFullCollisionBehavior.lisp)
Linked: (/home/nitish/intuitive_ros/devel/.private/franka_control/share/common-lisp/ros/franka_control/srv/SetLoad.lisp, /home/nitish/intuitive_ros/devel/share/common-lisp/ros/franka_control/srv/SetLoad.lisp)
Linked: (/home/nitish/intuitive_ros/devel/.private/franka_control/share/common-lisp/ros/franka_control/srv/SetEEFrame.lisp, /home/nitish/intuitive_ros/devel/share/common-lisp/ros/franka_control/srv/SetEEFrame.lisp)
Linked: (/home/nitish/intuitive_ros/devel/.private/franka_control/share/common-lisp/ros/franka_control/srv/SetFullCollisionBehavior.lisp, /home/nitish/intuitive_ros/devel/share/common-lisp/ros/franka_control/srv/SetFullCollisionBehavior.lisp)
Linked: (/home/nitish/intuitive_ros/devel/.private/franka_control/share/common-lisp/ros/franka_control/srv/_package_SetKFrame.lisp, /home/nitish/intuitive_ros/devel/share/common-lisp/ros/franka_control/srv/_package_SetKFrame.lisp)
Linked: (/home/nitish/intuitive_ros/devel/.private/franka_control/share/common-lisp/ros/franka_control/srv/SetCartesianImpedance.lisp, /home/nitish/intuitive_ros/devel/share/common-lisp/ros/franka_control/srv/SetCartesianImpedance.lisp)
Linked: (/home/nitish/intuitive_ros/devel/.private/franka_control/share/common-lisp/ros/franka_control/srv/_package_SetForceTorqueCollisionBehavior.lisp, /home/nitish/intuitive_ros/devel/share/common-lisp/ros/franka_control/srv/_package_SetForceTorqueCollisionBehavior.lisp)
Linked: (/home/nitish/intuitive_ros/devel/.private/franka_control/share/common-lisp/ros/franka_control/srv/_package.lisp, /home/nitish/intuitive_ros/devel/share/common-lisp/ros/franka_control/srv/_package.lisp)
Linked: (/home/nitish/intuitive_ros/devel/.private/franka_control/share/common-lisp/ros/franka_control/srv/_package_SetCartesianImpedance.lisp, /home/nitish/intuitive_ros/devel/share/common-lisp/ros/franka_control/srv/_package_SetCartesianImpedance.lisp)
Linked: (/home/nitish/intuitive_ros/devel/.private/franka_control/share/common-lisp/ros/franka_control/msg/ErrorRecoveryActionGoal.lisp, /home/nitish/intuitive_ros/devel/share/common-lisp/ros/franka_control/msg/ErrorRecoveryActionGoal.lisp)
Linked: (/home/nitish/intuitive_ros/devel/.private/franka_control/share/common-lisp/ros/franka_control/msg/_package_ErrorRecoveryResult.lisp, /home/nitish/intuitive_ros/devel/share/common-lisp/ros/franka_control/msg/_package_ErrorRecoveryResult.lisp)
Linked: (/home/nitish/intuitive_ros/devel/.private/franka_control/share/common-lisp/ros/franka_control/msg/ErrorRecoveryActionResult.lisp, /home/nitish/intuitive_ros/devel/share/common-lisp/ros/franka_control/msg/ErrorRecoveryActionResult.lisp)
Linked: (/home/nitish/intuitive_ros/devel/.private/franka_control/share/common-lisp/ros/franka_control/msg/ErrorRecoveryFeedback.lisp, /home/nitish/intuitive_ros/devel/share/common-lisp/ros/franka_control/msg/ErrorRecoveryFeedback.lisp)
Linked: (/home/nitish/intuitive_ros/devel/.private/franka_control/share/common-lisp/ros/franka_control/msg/ErrorRecoveryGoal.lisp, /home/nitish/intuitive_ros/devel/share/common-lisp/ros/franka_control/msg/ErrorRecoveryGoal.lisp)
Linked: (/home/nitish/intuitive_ros/devel/.private/franka_control/share/common-lisp/ros/franka_control/msg/_package_ErrorRecoveryAction.lisp, /home/nitish/intuitive_ros/devel/share/common-lisp/ros/franka_control/msg/_package_ErrorRecoveryAction.lisp)
Linked: (/home/nitish/intuitive_ros/devel/.private/franka_control/share/common-lisp/ros/franka_control/msg/_package_ErrorRecoveryGoal.lisp, /home/nitish/intuitive_ros/devel/share/common-lisp/ros/franka_control/msg/_package_ErrorRecoveryGoal.lisp)
Linked: (/home/nitish/intuitive_ros/devel/.private/franka_control/share/common-lisp/ros/franka_control/msg/_package_ErrorRecoveryActionFeedback.lisp, /home/nitish/intuitive_ros/devel/share/common-lisp/ros/franka_control/msg/_package_ErrorRecoveryActionFeedback.lisp)
Linked: (/home/nitish/intuitive_ros/devel/.private/franka_control/share/common-lisp/ros/franka_control/msg/ErrorRecoveryAction.lisp, /home/nitish/intuitive_ros/devel/share/common-lisp/ros/franka_control/msg/ErrorRecoveryAction.lisp)
Linked: (/home/nitish/intuitive_ros/devel/.private/franka_control/share/common-lisp/ros/franka_control/msg/_package_ErrorRecoveryActionResult.lisp, /home/nitish/intuitive_ros/devel/share/common-lisp/ros/franka_control/msg/_package_ErrorRecoveryActionResult.lisp)
Linked: (/home/nitish/intuitive_ros/devel/.private/franka_control/share/common-lisp/ros/franka_control/msg/ErrorRecoveryActionFeedback.lisp, /home/nitish/intuitive_ros/devel/share/common-lisp/ros/franka_control/msg/ErrorRecoveryActionFeedback.lisp)
Linked: (/home/nitish/intuitive_ros/devel/.private/franka_control/share/common-lisp/ros/franka_control/msg/_package_ErrorRecoveryActionGoal.lisp, /home/nitish/intuitive_ros/devel/share/common-lisp/ros/franka_control/msg/_package_ErrorRecoveryActionGoal.lisp)
Linked: (/home/nitish/intuitive_ros/devel/.private/franka_control/share/common-lisp/ros/franka_control/msg/_package.lisp, /home/nitish/intuitive_ros/devel/share/common-lisp/ros/franka_control/msg/_package.lisp)
Linked: (/home/nitish/intuitive_ros/devel/.private/franka_control/share/common-lisp/ros/franka_control/msg/ErrorRecoveryResult.lisp, /home/nitish/intuitive_ros/devel/share/common-lisp/ros/franka_control/msg/ErrorRecoveryResult.lisp)
Linked: (/home/nitish/intuitive_ros/devel/.private/franka_control/share/common-lisp/ros/franka_control/msg/franka_control-msg.asd, /home/nitish/intuitive_ros/devel/share/common-lisp/ros/franka_control/msg/franka_control-msg.asd)
Linked: (/home/nitish/intuitive_ros/devel/.private/franka_control/share/common-lisp/ros/franka_control/msg/_package_ErrorRecoveryFeedback.lisp, /home/nitish/intuitive_ros/devel/share/common-lisp/ros/franka_control/msg/_package_ErrorRecoveryFeedback.lisp)
Linked: (/home/nitish/intuitive_ros/devel/.private/franka_control/share/roseus/ros/franka_control/manifest.l, /home/nitish/intuitive_ros/devel/share/roseus/ros/franka_control/manifest.l)
Linked: (/home/nitish/intuitive_ros/devel/.private/franka_control/share/roseus/ros/franka_control/srv/SetEEFrame.l, /home/nitish/intuitive_ros/devel/share/roseus/ros/franka_control/srv/SetEEFrame.l)
Linked: (/home/nitish/intuitive_ros/devel/.private/franka_control/share/roseus/ros/franka_control/srv/SetCartesianImpedance.l, /home/nitish/intuitive_ros/devel/share/roseus/ros/franka_control/srv/SetCartesianImpedance.l)
Linked: (/home/nitish/intuitive_ros/devel/.private/franka_control/share/roseus/ros/franka_control/srv/SetForceTorqueCollisionBehavior.l, /home/nitish/intuitive_ros/devel/share/roseus/ros/franka_control/srv/SetForceTorqueCollisionBehavior.l)
Linked: (/home/nitish/intuitive_ros/devel/.private/franka_control/share/roseus/ros/franka_control/srv/SetKFrame.l, /home/nitish/intuitive_ros/devel/share/roseus/ros/franka_control/srv/SetKFrame.l)
Linked: (/home/nitish/intuitive_ros/devel/.private/franka_control/share/roseus/ros/franka_control/srv/SetJointImpedance.l, /home/nitish/intuitive_ros/devel/share/roseus/ros/franka_control/srv/SetJointImpedance.l)
Linked: (/home/nitish/intuitive_ros/devel/.private/franka_control/share/roseus/ros/franka_control/srv/SetLoad.l, /home/nitish/intuitive_ros/devel/share/roseus/ros/franka_control/srv/SetLoad.l)
Linked: (/home/nitish/intuitive_ros/devel/.private/franka_control/share/roseus/ros/franka_control/srv/SetFullCollisionBehavior.l, /home/nitish/intuitive_ros/devel/share/roseus/ros/franka_control/srv/SetFullCollisionBehavior.l)
Linked: (/home/nitish/intuitive_ros/devel/.private/franka_control/share/roseus/ros/franka_control/msg/ErrorRecoveryFeedback.l, /home/nitish/intuitive_ros/devel/share/roseus/ros/franka_control/msg/ErrorRecoveryFeedback.l)
Linked: (/home/nitish/intuitive_ros/devel/.private/franka_control/share/roseus/ros/franka_control/msg/ErrorRecoveryActionFeedback.l, /home/nitish/intuitive_ros/devel/share/roseus/ros/franka_control/msg/ErrorRecoveryActionFeedback.l)
Linked: (/home/nitish/intuitive_ros/devel/.private/franka_control/share/roseus/ros/franka_control/msg/ErrorRecoveryResult.l, /home/nitish/intuitive_ros/devel/share/roseus/ros/franka_control/msg/ErrorRecoveryResult.l)
Linked: (/home/nitish/intuitive_ros/devel/.private/franka_control/share/roseus/ros/franka_control/msg/ErrorRecoveryAction.l, /home/nitish/intuitive_ros/devel/share/roseus/ros/franka_control/msg/ErrorRecoveryAction.l)
Linked: (/home/nitish/intuitive_ros/devel/.private/franka_control/share/roseus/ros/franka_control/msg/ErrorRecoveryActionResult.l, /home/nitish/intuitive_ros/devel/share/roseus/ros/franka_control/msg/ErrorRecoveryActionResult.l)
Linked: (/home/nitish/intuitive_ros/devel/.private/franka_control/share/roseus/ros/franka_control/msg/ErrorRecoveryGoal.l, /home/nitish/intuitive_ros/devel/share/roseus/ros/franka_control/msg/ErrorRecoveryGoal.l)
Linked: (/home/nitish/intuitive_ros/devel/.private/franka_control/share/roseus/ros/franka_control/msg/ErrorRecoveryActionGoal.l, /home/nitish/intuitive_ros/devel/share/roseus/ros/franka_control/msg/ErrorRecoveryActionGoal.l)
Linked: (/home/nitish/intuitive_ros/devel/.private/franka_control/lib/libfranka_control_services.so, /home/nitish/intuitive_ros/devel/lib/libfranka_control_services.so)
Linked: (/home/nitish/intuitive_ros/devel/.private/franka_control/lib/libfranka_state_controller.so, /home/nitish/intuitive_ros/devel/lib/libfranka_state_controller.so)
Linked: (/home/nitish/intuitive_ros/devel/.private/franka_control/lib/franka_control/franka_control_node, /home/nitish/intuitive_ros/devel/lib/franka_control/franka_control_node)
Linked: (/home/nitish/intuitive_ros/devel/.private/franka_control/lib/pkgconfig/franka_control.pc, /home/nitish/intuitive_ros/devel/lib/pkgconfig/franka_control.pc)
Linked: (/home/nitish/intuitive_ros/devel/.private/franka_control/lib/python2.7/dist-packages/franka_control/__init__.py, /home/nitish/intuitive_ros/devel/lib/python2.7/dist-packages/franka_control/__init__.py)
Linked: (/home/nitish/intuitive_ros/devel/.private/franka_control/lib/python2.7/dist-packages/franka_control/srv/_SetEEFrame.py, /home/nitish/intuitive_ros/devel/lib/python2.7/dist-packages/franka_control/srv/_SetEEFrame.py)
Linked: (/home/nitish/intuitive_ros/devel/.private/franka_control/lib/python2.7/dist-packages/franka_control/srv/_SetKFrame.py, /home/nitish/intuitive_ros/devel/lib/python2.7/dist-packages/franka_control/srv/_SetKFrame.py)
Linked: (/home/nitish/intuitive_ros/devel/.private/franka_control/lib/python2.7/dist-packages/franka_control/srv/_SetCartesianImpedance.py, /home/nitish/intuitive_ros/devel/lib/python2.7/dist-packages/franka_control/srv/_SetCartesianImpedance.py)
Linked: (/home/nitish/intuitive_ros/devel/.private/franka_control/lib/python2.7/dist-packages/franka_control/srv/_SetLoad.py, /home/nitish/intuitive_ros/devel/lib/python2.7/dist-packages/franka_control/srv/_SetLoad.py)
Linked: (/home/nitish/intuitive_ros/devel/.private/franka_control/lib/python2.7/dist-packages/franka_control/srv/__init__.py, /home/nitish/intuitive_ros/devel/lib/python2.7/dist-packages/franka_control/srv/__init__.py)
Linked: (/home/nitish/intuitive_ros/devel/.private/franka_control/lib/python2.7/dist-packages/franka_control/srv/_SetJointImpedance.py, /home/nitish/intuitive_ros/devel/lib/python2.7/dist-packages/franka_control/srv/_SetJointImpedance.py)
Linked: (/home/nitish/intuitive_ros/devel/.private/franka_control/lib/python2.7/dist-packages/franka_control/srv/_SetForceTorqueCollisionBehavior.py, /home/nitish/intuitive_ros/devel/lib/python2.7/dist-packages/franka_control/srv/_SetForceTorqueCollisionBehavior.py)
Linked: (/home/nitish/intuitive_ros/devel/.private/franka_control/lib/python2.7/dist-packages/franka_control/srv/_SetFullCollisionBehavior.py, /home/nitish/intuitive_ros/devel/lib/python2.7/dist-packages/franka_control/srv/_SetFullCollisionBehavior.py)
Linked: (/home/nitish/intuitive_ros/devel/.private/franka_control/lib/python2.7/dist-packages/franka_control/msg/_ErrorRecoveryActionGoal.py, /home/nitish/intuitive_ros/devel/lib/python2.7/dist-packages/franka_control/msg/_ErrorRecoveryActionGoal.py)
Linked: (/home/nitish/intuitive_ros/devel/.private/franka_control/lib/python2.7/dist-packages/franka_control/msg/_ErrorRecoveryFeedback.py, /home/nitish/intuitive_ros/devel/lib/python2.7/dist-packages/franka_control/msg/_ErrorRecoveryFeedback.py)
Linked: (/home/nitish/intuitive_ros/devel/.private/franka_control/lib/python2.7/dist-packages/franka_control/msg/_ErrorRecoveryActionFeedback.py, /home/nitish/intuitive_ros/devel/lib/python2.7/dist-packages/franka_control/msg/_ErrorRecoveryActionFeedback.py)
Linked: (/home/nitish/intuitive_ros/devel/.private/franka_control/lib/python2.7/dist-packages/franka_control/msg/__init__.py, /home/nitish/intuitive_ros/devel/lib/python2.7/dist-packages/franka_control/msg/__init__.py)
Linked: (/home/nitish/intuitive_ros/devel/.private/franka_control/lib/python2.7/dist-packages/franka_control/msg/_ErrorRecoveryAction.py, /home/nitish/intuitive_ros/devel/lib/python2.7/dist-packages/franka_control/msg/_ErrorRecoveryAction.py)
Linked: (/home/nitish/intuitive_ros/devel/.private/franka_control/lib/python2.7/dist-packages/franka_control/msg/_ErrorRecoveryGoal.py, /home/nitish/intuitive_ros/devel/lib/python2.7/dist-packages/franka_control/msg/_ErrorRecoveryGoal.py)
Linked: (/home/nitish/intuitive_ros/devel/.private/franka_control/lib/python2.7/dist-packages/franka_control/msg/_ErrorRecoveryResult.py, /home/nitish/intuitive_ros/devel/lib/python2.7/dist-packages/franka_control/msg/_ErrorRecoveryResult.py)
Linked: (/home/nitish/intuitive_ros/devel/.private/franka_control/lib/python2.7/dist-packages/franka_control/msg/_ErrorRecoveryActionResult.py, /home/nitish/intuitive_ros/devel/lib/python2.7/dist-packages/franka_control/msg/_ErrorRecoveryActionResult.py)
Linked: (/home/nitish/intuitive_ros/devel/.private/franka_control/include/franka_control/ErrorRecoveryActionResult.h, /home/nitish/intuitive_ros/devel/include/franka_control/ErrorRecoveryActionResult.h)
Linked: (/home/nitish/intuitive_ros/devel/.private/franka_control/include/franka_control/ErrorRecoveryActionGoal.h, /home/nitish/intuitive_ros/devel/include/franka_control/ErrorRecoveryActionGoal.h)
Linked: (/home/nitish/intuitive_ros/devel/.private/franka_control/include/franka_control/SetForceTorqueCollisionBehavior.h, /home/nitish/intuitive_ros/devel/include/franka_control/SetForceTorqueCollisionBehavior.h)
Linked: (/home/nitish/intuitive_ros/devel/.private/franka_control/include/franka_control/SetFullCollisionBehavior.h, /home/nitish/intuitive_ros/devel/include/franka_control/SetFullCollisionBehavior.h)
Linked: (/home/nitish/intuitive_ros/devel/.private/franka_control/include/franka_control/ErrorRecoveryFeedback.h, /home/nitish/intuitive_ros/devel/include/franka_control/ErrorRecoveryFeedback.h)
Linked: (/home/nitish/intuitive_ros/devel/.private/franka_control/include/franka_control/SetCartesianImpedanceRequest.h, /home/nitish/intuitive_ros/devel/include/franka_control/SetCartesianImpedanceRequest.h)
Linked: (/home/nitish/intuitive_ros/devel/.private/franka_control/include/franka_control/SetForceTorqueCollisionBehaviorRequest.h, /home/nitish/intuitive_ros/devel/include/franka_control/SetForceTorqueCollisionBehaviorRequest.h)
Linked: (/home/nitish/intuitive_ros/devel/.private/franka_control/include/franka_control/SetEEFrame.h, /home/nitish/intuitive_ros/devel/include/franka_control/SetEEFrame.h)
Linked: (/home/nitish/intuitive_ros/devel/.private/franka_control/include/franka_control/SetLoad.h, /home/nitish/intuitive_ros/devel/include/franka_control/SetLoad.h)
Linked: (/home/nitish/intuitive_ros/devel/.private/franka_control/include/franka_control/ErrorRecoveryActionFeedback.h, /home/nitish/intuitive_ros/devel/include/franka_control/ErrorRecoveryActionFeedback.h)
Linked: (/home/nitish/intuitive_ros/devel/.private/franka_control/include/franka_control/SetKFrameRequest.h, /home/nitish/intuitive_ros/devel/include/franka_control/SetKFrameRequest.h)
Linked: (/home/nitish/intuitive_ros/devel/.private/franka_control/include/franka_control/ErrorRecoveryAction.h, /home/nitish/intuitive_ros/devel/include/franka_control/ErrorRecoveryAction.h)
Linked: (/home/nitish/intuitive_ros/devel/.private/franka_control/include/franka_control/SetEEFrameResponse.h, /home/nitish/intuitive_ros/devel/include/franka_control/SetEEFrameResponse.h)
Linked: (/home/nitish/intuitive_ros/devel/.private/franka_control/include/franka_control/SetForceTorqueCollisionBehaviorResponse.h, /home/nitish/intuitive_ros/devel/include/franka_control/SetForceTorqueCollisionBehaviorResponse.h)
Linked: (/home/nitish/intuitive_ros/devel/.private/franka_control/include/franka_control/SetCartesianImpedance.h, /home/nitish/intuitive_ros/devel/include/franka_control/SetCartesianImpedance.h)
Linked: (/home/nitish/intuitive_ros/devel/.private/franka_control/include/franka_control/SetEEFrameRequest.h, /home/nitish/intuitive_ros/devel/include/franka_control/SetEEFrameRequest.h)
Linked: (/home/nitish/intuitive_ros/devel/.private/franka_control/include/franka_control/SetKFrameResponse.h, /home/nitish/intuitive_ros/devel/include/franka_control/SetKFrameResponse.h)
Linked: (/home/nitish/intuitive_ros/devel/.private/franka_control/include/franka_control/SetFullCollisionBehaviorResponse.h, /home/nitish/intuitive_ros/devel/include/franka_control/SetFullCollisionBehaviorResponse.h)
Linked: (/home/nitish/intuitive_ros/devel/.private/franka_control/include/franka_control/SetLoadResponse.h, /home/nitish/intuitive_ros/devel/include/franka_control/SetLoadResponse.h)
Linked: (/home/nitish/intuitive_ros/devel/.private/franka_control/include/franka_control/ErrorRecoveryGoal.h, /home/nitish/intuitive_ros/devel/include/franka_control/ErrorRecoveryGoal.h)
Linked: (/home/nitish/intuitive_ros/devel/.private/franka_control/include/franka_control/SetLoadRequest.h, /home/nitish/intuitive_ros/devel/include/franka_control/SetLoadRequest.h)
Linked: (/home/nitish/intuitive_ros/devel/.private/franka_control/include/franka_control/SetJointImpedanceRequest.h, /home/nitish/intuitive_ros/devel/include/franka_control/SetJointImpedanceRequest.h)
Linked: (/home/nitish/intuitive_ros/devel/.private/franka_control/include/franka_control/ErrorRecoveryResult.h, /home/nitish/intuitive_ros/devel/include/franka_control/ErrorRecoveryResult.h)
Linked: (/home/nitish/intuitive_ros/devel/.private/franka_control/include/franka_control/SetFullCollisionBehaviorRequest.h, /home/nitish/intuitive_ros/devel/include/franka_control/SetFullCollisionBehaviorRequest.h)
Linked: (/home/nitish/intuitive_ros/devel/.private/franka_control/include/franka_control/SetJointImpedanceResponse.h, /home/nitish/intuitive_ros/devel/include/franka_control/SetJointImpedanceResponse.h)
Linked: (/home/nitish/intuitive_ros/devel/.private/franka_control/include/franka_control/SetKFrame.h, /home/nitish/intuitive_ros/devel/include/franka_control/SetKFrame.h)
Linked: (/home/nitish/intuitive_ros/devel/.private/franka_control/include/franka_control/SetCartesianImpedanceResponse.h, /home/nitish/intuitive_ros/devel/include/franka_control/SetCartesianImpedanceResponse.h)
Linked: (/home/nitish/intuitive_ros/devel/.private/franka_control/include/franka_control/SetJointImpedance.h, /home/nitish/intuitive_ros/devel/include/franka_control/SetJointImpedance.h)
