[  0%] Built target _franka_control_generate_messages_check_deps_ErrorRecoveryFeedback
[  0%] Built target _franka_control_generate_messages_check_deps_SetFullCollisionBehavior
[  0%] Built target _franka_control_generate_messages_check_deps_ErrorRecoveryActionGoal
[  0%] Built target _franka_control_generate_messages_check_deps_SetKFrame
[  0%] Built target _franka_control_generate_messages_check_deps_ErrorRecoveryResult
[  0%] Built target _franka_control_generate_messages_check_deps_ErrorRecoveryActionResult
[  0%] Built target _franka_control_generate_messages_check_deps_SetEEFrame
[  0%] Built target _franka_control_generate_messages_check_deps_ErrorRecoveryGoal
[  0%] Built target _franka_control_generate_messages_check_deps_SetLoad
[  0%] Built target _franka_control_generate_messages_check_deps_SetCartesianImpedance
[  0%] Built target _franka_control_generate_messages_check_deps_SetJointImpedance
[  0%] Built target actionlib_msgs_generate_messages_cpp
[  0%] Built target _franka_control_generate_messages_check_deps_SetForceTorqueCollisionBehavior
[  0%] Built target _franka_control_generate_messages_check_deps_ErrorRecoveryAction
[  0%] Built target _franka_control_generate_messages_check_deps_ErrorRecoveryActionFeedback
[  0%] Built target actionlib_msgs_generate_messages_nodejs
[  0%] Built target actionlib_msgs_generate_messages_lisp
[  0%] Built target actionlib_msgs_generate_messages_eus
[  0%] Built target controller_manager_msgs_generate_messages_nodejs
[  0%] Built target controller_manager_msgs_generate_messages_cpp
[  0%] Built target roscpp_generate_messages_py
[  0%] Built target geometry_msgs_generate_messages_eus
[  0%] Built target controller_manager_msgs_generate_messages_lisp
[  0%] Built target franka_msgs_generate_messages_nodejs
[  0%] Built target rosgraph_msgs_generate_messages_cpp
[  0%] Built target _catkin_empty_exported_target
[  0%] Built target sensor_msgs_generate_messages_eus
[  0%] Built target std_msgs_generate_messages_py
[  0%] Built target std_msgs_generate_messages_nodejs
[  0%] Built target controller_manager_msgs_generate_messages_eus
[  0%] Built target sensor_msgs_generate_messages_cpp
[  0%] Built target actionlib_msgs_generate_messages_py
[  0%] Built target roscpp_generate_messages_nodejs
[  0%] Built target std_msgs_generate_messages_lisp
[  0%] Built target rosgraph_msgs_generate_messages_lisp
[  0%] Built target actionlib_generate_messages_cpp
[  0%] Built target roscpp_generate_messages_cpp
[  0%] Built target sensor_msgs_generate_messages_nodejs
[  0%] Built target sensor_msgs_generate_messages_lisp
[  0%] Built target std_msgs_generate_messages_cpp
[  0%] Built target controller_manager_msgs_generate_messages_py
[  0%] Built target geometry_msgs_generate_messages_nodejs
[  0%] Built target actionlib_generate_messages_eus
[  0%] Built target rosgraph_msgs_generate_messages_nodejs
[  0%] Built target std_msgs_generate_messages_eus
[  0%] Built target roscpp_generate_messages_eus
[  0%] Built target rosgraph_msgs_generate_messages_py
[  0%] Built target rosgraph_msgs_generate_messages_eus
[  0%] Built target franka_msgs_generate_messages_eus
[  0%] Built target franka_msgs_generate_messages_lisp
[  0%] Built target actionlib_generate_messages_lisp
[  0%] Built target geometry_msgs_generate_messages_cpp
[  0%] Built target geometry_msgs_generate_messages_lisp
[  0%] Built target geometry_msgs_generate_messages_py
[  0%] Built target sensor_msgs_generate_messages_py
[  0%] Built target franka_msgs_generate_messages_py
[  0%] Built target tf_generate_messages_py
[  0%] Built target actionlib_generate_messages_nodejs
[  0%] Built target tf_generate_messages_cpp
[  0%] Built target tf_generate_messages_eus
[  0%] Built target tf_generate_messages_lisp
[  0%] Built target tf_generate_messages_nodejs
[  0%] Built target tf2_msgs_generate_messages_cpp
[  0%] Built target tf2_msgs_generate_messages_eus
[  0%] Built target tf2_msgs_generate_messages_lisp
[  0%] Built target actionlib_generate_messages_py
[  0%] Built target tf2_msgs_generate_messages_py
[  0%] Built target franka_msgs_generate_messages_cpp
[  0%] Built target tf2_msgs_generate_messages_nodejs
[  0%] Built target roscpp_generate_messages_lisp
[ 17%] Built target franka_control_generate_messages_cpp
[ 35%] Built target franka_control_generate_messages_nodejs
[ 53%] Built target franka_control_generate_messages_lisp
[ 72%] Built target franka_control_generate_messages_eus
[ 92%] Built target franka_control_generate_messages_py
[ 94%] Built target franka_state_controller
[ 97%] Built target franka_control_services
[ 97%] Built target franka_control_generate_messages
[100%] Built target franka_control_node
