Symlinking /home/nitish/intuitive_ros/devel/share/gennodejs/ros/franka_msgs/_index.js
Symlinking /home/nitish/intuitive_ros/devel/share/gennodejs/ros/franka_msgs/msg/_index.js
Symlinking /home/nitish/intuitive_ros/devel/share/gennodejs/ros/franka_msgs/msg/FrankaState.js
Symlinking /home/nitish/intuitive_ros/devel/share/gennodejs/ros/franka_msgs/msg/Errors.js
Symlinking /home/nitish/intuitive_ros/devel/share/common-lisp/ros/franka_msgs/msg/Errors.lisp
Symlinking /home/nitish/intuitive_ros/devel/share/common-lisp/ros/franka_msgs/msg/_package_Errors.lisp
Symlinking /home/nitish/intuitive_ros/devel/share/common-lisp/ros/franka_msgs/msg/FrankaState.lisp
Symlinking /home/nitish/intuitive_ros/devel/share/common-lisp/ros/franka_msgs/msg/franka_msgs-msg.asd
Symlinking /home/nitish/intuitive_ros/devel/share/common-lisp/ros/franka_msgs/msg/_package.lisp
Symlinking /home/nitish/intuitive_ros/devel/share/common-lisp/ros/franka_msgs/msg/_package_FrankaState.lisp
Symlinking /home/nitish/intuitive_ros/devel/share/franka_msgs/cmake/franka_msgsConfig-version.cmake
Symlinking /home/nitish/intuitive_ros/devel/share/franka_msgs/cmake/franka_msgsConfig.cmake
Symlinking /home/nitish/intuitive_ros/devel/share/franka_msgs/cmake/franka_msgs-msg-extras.cmake
Symlinking /home/nitish/intuitive_ros/devel/share/franka_msgs/cmake/franka_msgs-msg-paths.cmake
Symlinking /home/nitish/intuitive_ros/devel/share/roseus/ros/franka_msgs/manifest.l
Symlinking /home/nitish/intuitive_ros/devel/share/roseus/ros/franka_msgs/msg/FrankaState.l
Symlinking /home/nitish/intuitive_ros/devel/share/roseus/ros/franka_msgs/msg/Errors.l
Symlinking /home/nitish/intuitive_ros/devel/lib/pkgconfig/franka_msgs.pc
Symlinking /home/nitish/intuitive_ros/devel/lib/python2.7/dist-packages/franka_msgs/__init__.py
Symlinking /home/nitish/intuitive_ros/devel/lib/python2.7/dist-packages/franka_msgs/msg/__init__.py
Symlinking /home/nitish/intuitive_ros/devel/lib/python2.7/dist-packages/franka_msgs/msg/_Errors.py
Symlinking /home/nitish/intuitive_ros/devel/lib/python2.7/dist-packages/franka_msgs/msg/_FrankaState.py
Symlinking /home/nitish/intuitive_ros/devel/include/franka_msgs/Errors.h
Symlinking /home/nitish/intuitive_ros/devel/include/franka_msgs/FrankaState.h
