Linked: (/home/nitish/intuitive_ros/devel/.private/franka_msgs/share/gennodejs/ros/franka_msgs/_index.js, /home/nitish/intuitive_ros/devel/share/gennodejs/ros/franka_msgs/_index.js)
Linked: (/home/nitish/intuitive_ros/devel/.private/franka_msgs/share/gennodejs/ros/franka_msgs/msg/_index.js, /home/nitish/intuitive_ros/devel/share/gennodejs/ros/franka_msgs/msg/_index.js)
Linked: (/home/nitish/intuitive_ros/devel/.private/franka_msgs/share/gennodejs/ros/franka_msgs/msg/FrankaState.js, /home/nitish/intuitive_ros/devel/share/gennodejs/ros/franka_msgs/msg/FrankaState.js)
Linked: (/home/nitish/intuitive_ros/devel/.private/franka_msgs/share/gennodejs/ros/franka_msgs/msg/Errors.js, /home/nitish/intuitive_ros/devel/share/gennodejs/ros/franka_msgs/msg/Errors.js)
Linked: (/home/nitish/intuitive_ros/devel/.private/franka_msgs/share/common-lisp/ros/franka_msgs/msg/Errors.lisp, /home/nitish/intuitive_ros/devel/share/common-lisp/ros/franka_msgs/msg/Errors.lisp)
Linked: (/home/nitish/intuitive_ros/devel/.private/franka_msgs/share/common-lisp/ros/franka_msgs/msg/_package_Errors.lisp, /home/nitish/intuitive_ros/devel/share/common-lisp/ros/franka_msgs/msg/_package_Errors.lisp)
Linked: (/home/nitish/intuitive_ros/devel/.private/franka_msgs/share/common-lisp/ros/franka_msgs/msg/FrankaState.lisp, /home/nitish/intuitive_ros/devel/share/common-lisp/ros/franka_msgs/msg/FrankaState.lisp)
Linked: (/home/nitish/intuitive_ros/devel/.private/franka_msgs/share/common-lisp/ros/franka_msgs/msg/franka_msgs-msg.asd, /home/nitish/intuitive_ros/devel/share/common-lisp/ros/franka_msgs/msg/franka_msgs-msg.asd)
Linked: (/home/nitish/intuitive_ros/devel/.private/franka_msgs/share/common-lisp/ros/franka_msgs/msg/_package.lisp, /home/nitish/intuitive_ros/devel/share/common-lisp/ros/franka_msgs/msg/_package.lisp)
Linked: (/home/nitish/intuitive_ros/devel/.private/franka_msgs/share/common-lisp/ros/franka_msgs/msg/_package_FrankaState.lisp, /home/nitish/intuitive_ros/devel/share/common-lisp/ros/franka_msgs/msg/_package_FrankaState.lisp)
Linked: (/home/nitish/intuitive_ros/devel/.private/franka_msgs/share/franka_msgs/cmake/franka_msgsConfig-version.cmake, /home/nitish/intuitive_ros/devel/share/franka_msgs/cmake/franka_msgsConfig-version.cmake)
Linked: (/home/nitish/intuitive_ros/devel/.private/franka_msgs/share/franka_msgs/cmake/franka_msgsConfig.cmake, /home/nitish/intuitive_ros/devel/share/franka_msgs/cmake/franka_msgsConfig.cmake)
Linked: (/home/nitish/intuitive_ros/devel/.private/franka_msgs/share/franka_msgs/cmake/franka_msgs-msg-extras.cmake, /home/nitish/intuitive_ros/devel/share/franka_msgs/cmake/franka_msgs-msg-extras.cmake)
Linked: (/home/nitish/intuitive_ros/devel/.private/franka_msgs/share/franka_msgs/cmake/franka_msgs-msg-paths.cmake, /home/nitish/intuitive_ros/devel/share/franka_msgs/cmake/franka_msgs-msg-paths.cmake)
Linked: (/home/nitish/intuitive_ros/devel/.private/franka_msgs/share/roseus/ros/franka_msgs/manifest.l, /home/nitish/intuitive_ros/devel/share/roseus/ros/franka_msgs/manifest.l)
Linked: (/home/nitish/intuitive_ros/devel/.private/franka_msgs/share/roseus/ros/franka_msgs/msg/FrankaState.l, /home/nitish/intuitive_ros/devel/share/roseus/ros/franka_msgs/msg/FrankaState.l)
Linked: (/home/nitish/intuitive_ros/devel/.private/franka_msgs/share/roseus/ros/franka_msgs/msg/Errors.l, /home/nitish/intuitive_ros/devel/share/roseus/ros/franka_msgs/msg/Errors.l)
Linked: (/home/nitish/intuitive_ros/devel/.private/franka_msgs/lib/pkgconfig/franka_msgs.pc, /home/nitish/intuitive_ros/devel/lib/pkgconfig/franka_msgs.pc)
Linked: (/home/nitish/intuitive_ros/devel/.private/franka_msgs/lib/python2.7/dist-packages/franka_msgs/__init__.py, /home/nitish/intuitive_ros/devel/lib/python2.7/dist-packages/franka_msgs/__init__.py)
Linked: (/home/nitish/intuitive_ros/devel/.private/franka_msgs/lib/python2.7/dist-packages/franka_msgs/msg/__init__.py, /home/nitish/intuitive_ros/devel/lib/python2.7/dist-packages/franka_msgs/msg/__init__.py)
Linked: (/home/nitish/intuitive_ros/devel/.private/franka_msgs/lib/python2.7/dist-packages/franka_msgs/msg/_Errors.py, /home/nitish/intuitive_ros/devel/lib/python2.7/dist-packages/franka_msgs/msg/_Errors.py)
Linked: (/home/nitish/intuitive_ros/devel/.private/franka_msgs/lib/python2.7/dist-packages/franka_msgs/msg/_FrankaState.py, /home/nitish/intuitive_ros/devel/lib/python2.7/dist-packages/franka_msgs/msg/_FrankaState.py)
Linked: (/home/nitish/intuitive_ros/devel/.private/franka_msgs/include/franka_msgs/Errors.h, /home/nitish/intuitive_ros/devel/include/franka_msgs/Errors.h)
Linked: (/home/nitish/intuitive_ros/devel/.private/franka_msgs/include/franka_msgs/FrankaState.h, /home/nitish/intuitive_ros/devel/include/franka_msgs/FrankaState.h)
